Vivado Simulator 2014.4
Copyright 1986-1999, 2001-2014 Xilinx, Inc. All Rights Reserved.
Running: C:/Xilinx/Vivado/2014.4/bin/unwrapped/win64.o/xelab.exe -wto 5063dc4912e745f5b242be1bb2ac1ca8 --debug typical --relax -L xil_defaultlib -L secureip --snapshot task2_tb_behav xil_defaultlib.task2_tb -log elaborate.log 
Multi-threading is on. Using 2 slave threads.
Starting static elaboration
Completed static elaboration
Starting simulation data flow analysis
Completed simulation data flow analysis
Time Resolution for simulation is 1ps
Compiling package std.standard
Compiling package ieee.std_logic_1164
Compiling package ieee.numeric_std
Compiling package std.textio
Compiling package ieee.std_logic_textio
Compiling package ieee.std_logic_arith
Compiling package ieee.std_logic_unsigned
Compiling architecture behavioral of entity xil_defaultlib.eight_bit [eight_bit_default]
Compiling architecture test_bench of entity xil_defaultlib.task2_tb
Waiting for 2 sub-compilation(s) to finish...
Built simulation snapshot task2_tb_behav
