#-----------------------------------------------------------
# Vivado v2014.4 (64-bit)
# SW Build 1071353 on Tue Nov 18 18:24:04 MST 2014
# IP Build 1070531 on Tue Nov 18 01:10:18 MST 2014
# Start of session at: Sat Feb 18 11:24:17 2017
# Process ID: 420
# Log file: C:/Users/idan8/Google Drive/UTK/Spring 2017/ECE 459/labs/ece459/lab2/lab_2/vivado.log
# Journal file: C:/Users/idan8/Google Drive/UTK/Spring 2017/ECE 459/labs/ece459/lab2/lab_2\vivado.jou
#-----------------------------------------------------------
start_gui
open_project {C:/Users/idan8/Google Drive/UTK/Spring 2017/ECE 459/labs/ece459/lab2/lab_2/lab_2.xpr}
Scanning sources...
Finished scanning sources
INFO: [IP_Flow 19-234] Refreshing IP repositories
INFO: [IP_Flow 19-1704] No user IP repositories specified
INFO: [IP_Flow 19-2313] Loaded Vivado IP repository 'C:/Xilinx/Vivado/2014.4/data/ip'.
set_property SOURCE_SET sources_1 [get_filesets sim_1]
add_files -fileset sim_1 -norecurse {{C:/Users/idan8/Google Drive/UTK/Spring 2017/ECE 459/labs/ece459/lab2/lab_2/lab_2.srcs/sim_1/new/task2_tb.vhd}}
WARNING: [filemgmt 56-12] File 'C:/Users/idan8/Google Drive/UTK/Spring 2017/ECE 459/labs/ece459/lab2/lab_2/lab_2.srcs/sim_1/new/task2_tb.vhd' cannot be added to the project because it already exists in the project, skipping this file
add_files -norecurse {{C:/Users/idan8/Google Drive/UTK/Spring 2017/ECE 459/labs/ece459/lab2/lab_2/lab_2.srcs/sim_1/new/task2_tb.vhd}}
update_compile_order -fileset sources_1
update_compile_order -fileset sources_1
update_compile_order -fileset sources_1
set_property top eight_bit [current_fileset]
update_compile_order -fileset sources_1
launch_simulation
INFO: [USF-XSim-27] Simulation object is 'sim_1'
INFO: [USF-XSim-37] Inspecting design source files for 'task2_tb' in fileset 'sim_1'...
INFO: [USF-XSim-97] Finding global include files...
INFO: [USF-XSim-98] Fetching design files from 'sim_1'...
INFO: [USF-XSim-2] XSim::Compile design
INFO: [USF-XSim-61] Executing 'COMPILE' step in 'C:/Users/idan8/Google Drive/UTK/Spring 2017/ECE 459/labs/ece459/lab2/lab_2/lab_2.sim/sim_1/behav'
"xvhdl -m64 -prj task2_tb_vhdl.prj"
Determining compilation order of HDL files.
INFO: [VRFC 10-163] Analyzing VHDL file "C:/Users/idan8/Google Drive/UTK/Spring 2017/ECE 459/labs/ece459/lab2/lab_2/lab_2.srcs/sim_1/new/task2_tb.vhd" into library xil_defaultlib
INFO: [VRFC 10-307] analyzing entity task2_tb
ERROR: [VRFC 10-64] test_bench is not a label of this statement [../../../lab_2.srcs/sim_1/new/task2_tb.vhd:29]
ERROR: [VRFC 10-1504] unit test_bench ignored due to previous errors [../../../lab_2.srcs/sim_1/new/task2_tb.vhd:20]
INFO: [VRFC 10-240] VHDL file C:/Users/idan8/Google Drive/UTK/Spring 2017/ECE 459/labs/ece459/lab2/lab_2/lab_2.srcs/sim_1/new/task2_tb.vhd ignored due to errors
ERROR: [USF-XSim-62] 'compile' step failed with error(s). Please check the Tcl console output or '' file for more information.
launch_simulation
INFO: [USF-XSim-27] Simulation object is 'sim_1'
INFO: [USF-XSim-37] Inspecting design source files for 'task2_tb' in fileset 'sim_1'...
INFO: [USF-XSim-97] Finding global include files...
INFO: [USF-XSim-98] Fetching design files from 'sim_1'...
INFO: [USF-XSim-2] XSim::Compile design
INFO: [USF-XSim-61] Executing 'COMPILE' step in 'C:/Users/idan8/Google Drive/UTK/Spring 2017/ECE 459/labs/ece459/lab2/lab_2/lab_2.sim/sim_1/behav'
"xvhdl -m64 -prj task2_tb_vhdl.prj"
Determining compilation order of HDL files.
INFO: [VRFC 10-163] Analyzing VHDL file "C:/Users/idan8/Google Drive/UTK/Spring 2017/ECE 459/labs/ece459/lab2/lab_2/lab_2.srcs/sim_1/new/task2_tb.vhd" into library xil_defaultlib
INFO: [VRFC 10-307] analyzing entity task2_tb
ERROR: [VRFC 10-64] test_bench is not a label of this statement [../../../lab_2.srcs/sim_1/new/task2_tb.vhd:29]
ERROR: [VRFC 10-1504] unit test_bench ignored due to previous errors [../../../lab_2.srcs/sim_1/new/task2_tb.vhd:20]
INFO: [VRFC 10-240] VHDL file C:/Users/idan8/Google Drive/UTK/Spring 2017/ECE 459/labs/ece459/lab2/lab_2/lab_2.srcs/sim_1/new/task2_tb.vhd ignored due to errors
ERROR: [USF-XSim-62] 'compile' step failed with error(s). Please check the Tcl console output or '' file for more information.
launch_simulation
INFO: [USF-XSim-27] Simulation object is 'sim_1'
INFO: [USF-XSim-37] Inspecting design source files for 'task2_tb' in fileset 'sim_1'...
INFO: [USF-XSim-97] Finding global include files...
INFO: [USF-XSim-98] Fetching design files from 'sim_1'...
INFO: [USF-XSim-2] XSim::Compile design
INFO: [USF-XSim-61] Executing 'COMPILE' step in 'C:/Users/idan8/Google Drive/UTK/Spring 2017/ECE 459/labs/ece459/lab2/lab_2/lab_2.sim/sim_1/behav'
"xvhdl -m64 -prj task2_tb_vhdl.prj"
Determining compilation order of HDL files.
INFO: [VRFC 10-163] Analyzing VHDL file "C:/Users/idan8/Google Drive/UTK/Spring 2017/ECE 459/labs/ece459/lab2/task2.vhd" into library xil_defaultlib
INFO: [VRFC 10-307] analyzing entity eight_bit
ERROR: [VRFC 10-47] q is already declared in this region [../../../../task2.vhd:27]
ERROR: [VRFC 10-47] reset is already declared in this region [../../../../task2.vhd:28]
ERROR: [VRFC 10-47] din is already declared in this region [../../../../task2.vhd:29]
ERROR: [VRFC 10-460] cannot read from 'out' object q ; use 'buffer' or 'inout' [../../../../task2.vhd:43]
ERROR: [VRFC 10-460] cannot read from 'out' object q ; use 'buffer' or 'inout' [../../../../task2.vhd:44]
ERROR: [VRFC 10-460] cannot read from 'out' object q ; use 'buffer' or 'inout' [../../../../task2.vhd:45]
ERROR: [VRFC 10-460] cannot read from 'out' object q ; use 'buffer' or 'inout' [../../../../task2.vhd:46]
ERROR: [VRFC 10-460] cannot read from 'out' object q ; use 'buffer' or 'inout' [../../../../task2.vhd:47]
ERROR: [VRFC 10-460] cannot read from 'out' object q ; use 'buffer' or 'inout' [../../../../task2.vhd:48]
ERROR: [VRFC 10-1504] unit bit_lfsr ignored due to previous errors [../../../../task2.vhd:25]
INFO: [VRFC 10-240] VHDL file C:/Users/idan8/Google Drive/UTK/Spring 2017/ECE 459/labs/ece459/lab2/task2.vhd ignored due to errors
ERROR: [USF-XSim-62] 'compile' step failed with error(s). Please check the Tcl console output or '' file for more information.
launch_simulation
INFO: [USF-XSim-27] Simulation object is 'sim_1'
INFO: [USF-XSim-37] Inspecting design source files for 'task2_tb' in fileset 'sim_1'...
INFO: [USF-XSim-97] Finding global include files...
INFO: [USF-XSim-98] Fetching design files from 'sim_1'...
INFO: [USF-XSim-2] XSim::Compile design
INFO: [USF-XSim-61] Executing 'COMPILE' step in 'C:/Users/idan8/Google Drive/UTK/Spring 2017/ECE 459/labs/ece459/lab2/lab_2/lab_2.sim/sim_1/behav'
"xvhdl -m64 -prj task2_tb_vhdl.prj"
Determining compilation order of HDL files.
INFO: [VRFC 10-163] Analyzing VHDL file "C:/Users/idan8/Google Drive/UTK/Spring 2017/ECE 459/labs/ece459/lab2/task2.vhd" into library xil_defaultlib
INFO: [VRFC 10-307] analyzing entity eight_bit
ERROR: [VRFC 10-47] q is already declared in this region [../../../../task2.vhd:27]
ERROR: [VRFC 10-47] reset is already declared in this region [../../../../task2.vhd:28]
ERROR: [VRFC 10-47] din is already declared in this region [../../../../task2.vhd:29]
ERROR: [VRFC 10-460] cannot read from 'out' object q ; use 'buffer' or 'inout' [../../../../task2.vhd:43]
ERROR: [VRFC 10-460] cannot read from 'out' object q ; use 'buffer' or 'inout' [../../../../task2.vhd:44]
ERROR: [VRFC 10-460] cannot read from 'out' object q ; use 'buffer' or 'inout' [../../../../task2.vhd:45]
ERROR: [VRFC 10-460] cannot read from 'out' object q ; use 'buffer' or 'inout' [../../../../task2.vhd:46]
ERROR: [VRFC 10-460] cannot read from 'out' object q ; use 'buffer' or 'inout' [../../../../task2.vhd:47]
ERROR: [VRFC 10-460] cannot read from 'out' object q ; use 'buffer' or 'inout' [../../../../task2.vhd:48]
ERROR: [VRFC 10-1504] unit bit_lfsr ignored due to previous errors [../../../../task2.vhd:25]
INFO: [VRFC 10-240] VHDL file C:/Users/idan8/Google Drive/UTK/Spring 2017/ECE 459/labs/ece459/lab2/task2.vhd ignored due to errors
ERROR: [USF-XSim-62] 'compile' step failed with error(s). Please check the Tcl console output or '' file for more information.
launch_simulation
INFO: [USF-XSim-27] Simulation object is 'sim_1'
INFO: [USF-XSim-37] Inspecting design source files for 'task2_tb' in fileset 'sim_1'...
INFO: [USF-XSim-97] Finding global include files...
INFO: [USF-XSim-98] Fetching design files from 'sim_1'...
INFO: [USF-XSim-2] XSim::Compile design
INFO: [USF-XSim-61] Executing 'COMPILE' step in 'C:/Users/idan8/Google Drive/UTK/Spring 2017/ECE 459/labs/ece459/lab2/lab_2/lab_2.sim/sim_1/behav'
"xvhdl -m64 -prj task2_tb_vhdl.prj"
Determining compilation order of HDL files.
INFO: [VRFC 10-163] Analyzing VHDL file "C:/Users/idan8/Google Drive/UTK/Spring 2017/ECE 459/labs/ece459/lab2/task2.vhd" into library xil_defaultlib
INFO: [VRFC 10-307] analyzing entity eight_bit
ERROR: [VRFC 10-47] reset is already declared in this region [../../../../task2.vhd:28]
ERROR: [VRFC 10-460] cannot read from 'out' object q ; use 'buffer' or 'inout' [../../../../task2.vhd:43]
ERROR: [VRFC 10-460] cannot read from 'out' object q ; use 'buffer' or 'inout' [../../../../task2.vhd:44]
ERROR: [VRFC 10-460] cannot read from 'out' object q ; use 'buffer' or 'inout' [../../../../task2.vhd:45]
ERROR: [VRFC 10-460] cannot read from 'out' object q ; use 'buffer' or 'inout' [../../../../task2.vhd:46]
ERROR: [VRFC 10-460] cannot read from 'out' object q ; use 'buffer' or 'inout' [../../../../task2.vhd:47]
ERROR: [VRFC 10-460] cannot read from 'out' object q ; use 'buffer' or 'inout' [../../../../task2.vhd:48]
ERROR: [VRFC 10-1504] unit bit_lfsr ignored due to previous errors [../../../../task2.vhd:25]
INFO: [VRFC 10-240] VHDL file C:/Users/idan8/Google Drive/UTK/Spring 2017/ECE 459/labs/ece459/lab2/task2.vhd ignored due to errors
ERROR: [USF-XSim-62] 'compile' step failed with error(s). Please check the Tcl console output or '' file for more information.
launch_simulation
INFO: [USF-XSim-27] Simulation object is 'sim_1'
INFO: [USF-XSim-37] Inspecting design source files for 'task2_tb' in fileset 'sim_1'...
INFO: [USF-XSim-97] Finding global include files...
INFO: [USF-XSim-98] Fetching design files from 'sim_1'...
INFO: [USF-XSim-2] XSim::Compile design
INFO: [USF-XSim-61] Executing 'COMPILE' step in 'C:/Users/idan8/Google Drive/UTK/Spring 2017/ECE 459/labs/ece459/lab2/lab_2/lab_2.sim/sim_1/behav'
"xvhdl -m64 -prj task2_tb_vhdl.prj"
Determining compilation order of HDL files.
INFO: [VRFC 10-163] Analyzing VHDL file "C:/Users/idan8/Google Drive/UTK/Spring 2017/ECE 459/labs/ece459/lab2/task2.vhd" into library xil_defaultlib
INFO: [VRFC 10-307] analyzing entity eight_bit
ERROR: [VRFC 10-47] reset is already declared in this region [../../../../task2.vhd:28]
ERROR: [VRFC 10-460] cannot read from 'out' object q ; use 'buffer' or 'inout' [../../../../task2.vhd:43]
ERROR: [VRFC 10-460] cannot read from 'out' object q ; use 'buffer' or 'inout' [../../../../task2.vhd:44]
ERROR: [VRFC 10-460] cannot read from 'out' object q ; use 'buffer' or 'inout' [../../../../task2.vhd:45]
ERROR: [VRFC 10-460] cannot read from 'out' object q ; use 'buffer' or 'inout' [../../../../task2.vhd:46]
ERROR: [VRFC 10-460] cannot read from 'out' object q ; use 'buffer' or 'inout' [../../../../task2.vhd:47]
ERROR: [VRFC 10-460] cannot read from 'out' object q ; use 'buffer' or 'inout' [../../../../task2.vhd:48]
ERROR: [VRFC 10-1504] unit bit_lfsr ignored due to previous errors [../../../../task2.vhd:25]
INFO: [VRFC 10-240] VHDL file C:/Users/idan8/Google Drive/UTK/Spring 2017/ECE 459/labs/ece459/lab2/task2.vhd ignored due to errors
ERROR: [USF-XSim-62] 'compile' step failed with error(s). Please check the Tcl console output or '' file for more information.
launch_simulation
INFO: [USF-XSim-27] Simulation object is 'sim_1'
INFO: [USF-XSim-37] Inspecting design source files for 'task2_tb' in fileset 'sim_1'...
INFO: [USF-XSim-97] Finding global include files...
INFO: [USF-XSim-98] Fetching design files from 'sim_1'...
INFO: [USF-XSim-2] XSim::Compile design
INFO: [USF-XSim-61] Executing 'COMPILE' step in 'C:/Users/idan8/Google Drive/UTK/Spring 2017/ECE 459/labs/ece459/lab2/lab_2/lab_2.sim/sim_1/behav'
"xvhdl -m64 -prj task2_tb_vhdl.prj"
Determining compilation order of HDL files.
INFO: [VRFC 10-163] Analyzing VHDL file "C:/Users/idan8/Google Drive/UTK/Spring 2017/ECE 459/labs/ece459/lab2/task2.vhd" into library xil_defaultlib
INFO: [VRFC 10-307] analyzing entity eight_bit
ERROR: [VRFC 10-47] reset is already declared in this region [../../../../task2.vhd:28]
ERROR: [VRFC 10-1504] unit bit_lfsr ignored due to previous errors [../../../../task2.vhd:25]
INFO: [VRFC 10-240] VHDL file C:/Users/idan8/Google Drive/UTK/Spring 2017/ECE 459/labs/ece459/lab2/task2.vhd ignored due to errors
ERROR: [USF-XSim-62] 'compile' step failed with error(s). Please check the Tcl console output or '' file for more information.
launch_simulation
INFO: [USF-XSim-27] Simulation object is 'sim_1'
INFO: [USF-XSim-37] Inspecting design source files for 'task2_tb' in fileset 'sim_1'...
INFO: [USF-XSim-97] Finding global include files...
INFO: [USF-XSim-98] Fetching design files from 'sim_1'...
INFO: [USF-XSim-2] XSim::Compile design
INFO: [USF-XSim-61] Executing 'COMPILE' step in 'C:/Users/idan8/Google Drive/UTK/Spring 2017/ECE 459/labs/ece459/lab2/lab_2/lab_2.sim/sim_1/behav'
"xvhdl -m64 -prj task2_tb_vhdl.prj"
Determining compilation order of HDL files.
INFO: [VRFC 10-163] Analyzing VHDL file "C:/Users/idan8/Google Drive/UTK/Spring 2017/ECE 459/labs/ece459/lab2/task2.vhd" into library xil_defaultlib
INFO: [VRFC 10-307] analyzing entity eight_bit
INFO: [VRFC 10-163] Analyzing VHDL file "C:/Users/idan8/Google Drive/UTK/Spring 2017/ECE 459/labs/ece459/lab2/lab_2/lab_2.srcs/sim_1/new/task2_tb.vhd" into library xil_defaultlib
INFO: [VRFC 10-307] analyzing entity task2_tb
ERROR: [VRFC 10-64] test_bench is not a label of this statement [C:/Users/idan8/Google Drive/UTK/Spring 2017/ECE 459/labs/ece459/lab2/lab_2/lab_2.srcs/sim_1/new/task2_tb.vhd:29]
ERROR: [VRFC 10-1504] unit test_bench ignored due to previous errors [C:/Users/idan8/Google Drive/UTK/Spring 2017/ECE 459/labs/ece459/lab2/lab_2/lab_2.srcs/sim_1/new/task2_tb.vhd:20]
INFO: [VRFC 10-240] VHDL file C:/Users/idan8/Google Drive/UTK/Spring 2017/ECE 459/labs/ece459/lab2/lab_2/lab_2.srcs/sim_1/new/task2_tb.vhd ignored due to errors
ERROR: [USF-XSim-62] 'compile' step failed with error(s). Please check the Tcl console output or '' file for more information.
remove_files {{C:/Users/idan8/Google Drive/UTK/Spring 2017/ECE 459/labs/ece459/lab2/task2.vhd}}
set_property target_constrs_file {C:/Users/idan8/Google Drive/UTK/Spring 2017/ECE 459/labs/ece459/lab2/Nexys4_Master.xdc} [current_fileset -constrset]
update_compile_order -fileset sources_1
set_property source_mgmt_mode DisplayOnly [current_project]
add_files -norecurse {{C:/Users/idan8/Google Drive/UTK/Spring 2017/ECE 459/labs/ece459/lab2/eight_bit.vhd}}
launch_simulation
INFO: [USF-XSim-27] Simulation object is 'sim_1'
INFO: [USF-XSim-37] Inspecting design source files for 'task2_tb' in fileset 'sim_1'...
INFO: [USF-XSim-97] Finding global include files...
INFO: [USF-XSim-100] Fetching design files from 'sources_1'...(this may take a while)...
INFO: [USF-XSim-101] Fetching design files from 'sim_1'...
INFO: [USF-XSim-2] XSim::Compile design
INFO: [USF-XSim-61] Executing 'COMPILE' step in 'C:/Users/idan8/Google Drive/UTK/Spring 2017/ECE 459/labs/ece459/lab2/lab_2/lab_2.sim/sim_1/behav'
"xvhdl -m64 -prj task2_tb_vhdl.prj"
INFO: [VRFC 10-163] Analyzing VHDL file "C:/Users/idan8/Google Drive/UTK/Spring 2017/ECE 459/labs/ece459/lab2/lab_2/lab_2.srcs/sim_1/new/task2_tb.vhd" into library xil_defaultlib
INFO: [VRFC 10-307] analyzing entity task2_tb
ERROR: [VRFC 10-64] test_bench is not a label of this statement [C:/Users/idan8/Google Drive/UTK/Spring 2017/ECE 459/labs/ece459/lab2/lab_2/lab_2.srcs/sim_1/new/task2_tb.vhd:29]
ERROR: [VRFC 10-1504] unit test_bench ignored due to previous errors [C:/Users/idan8/Google Drive/UTK/Spring 2017/ECE 459/labs/ece459/lab2/lab_2/lab_2.srcs/sim_1/new/task2_tb.vhd:20]
INFO: [VRFC 10-240] VHDL file C:/Users/idan8/Google Drive/UTK/Spring 2017/ECE 459/labs/ece459/lab2/lab_2/lab_2.srcs/sim_1/new/task2_tb.vhd ignored due to errors
ERROR: [USF-XSim-62] 'compile' step failed with error(s). Please check the Tcl console output or '' file for more information.
remove_files {{C:/Users/idan8/Google Drive/UTK/Spring 2017/ECE 459/labs/ece459/lab2/lab_2/lab_2.srcs/sim_1/new/task2_tb.vhd}}
launch_simulation
INFO: [USF-XSim-27] Simulation object is 'sim_1'
INFO: [USF-XSim-37] Inspecting design source files for 'task2_tb' in fileset 'sim_1'...
INFO: [USF-XSim-97] Finding global include files...
INFO: [USF-XSim-100] Fetching design files from 'sources_1'...(this may take a while)...
INFO: [USF-XSim-101] Fetching design files from 'sim_1'...
INFO: [USF-XSim-2] XSim::Compile design
INFO: [USF-XSim-61] Executing 'COMPILE' step in 'C:/Users/idan8/Google Drive/UTK/Spring 2017/ECE 459/labs/ece459/lab2/lab_2/lab_2.sim/sim_1/behav'
"xvhdl -m64 -prj task2_tb_vhdl.prj"
INFO: [VRFC 10-163] Analyzing VHDL file "C:/Users/idan8/Google Drive/UTK/Spring 2017/ECE 459/labs/ece459/lab2/eight_bit.vhd" into library xil_defaultlib
INFO: [VRFC 10-307] analyzing entity eight_bit
INFO: [VRFC 10-163] Analyzing VHDL file "C:/Users/idan8/Google Drive/UTK/Spring 2017/ECE 459/labs/ece459/lab2/lab_2/lab_2.srcs/sim_1/new/task2_tb.vhd" into library xil_defaultlib
INFO: [VRFC 10-307] analyzing entity task2_tb
ERROR: [VRFC 10-64] test_bench is not a label of this statement [C:/Users/idan8/Google Drive/UTK/Spring 2017/ECE 459/labs/ece459/lab2/lab_2/lab_2.srcs/sim_1/new/task2_tb.vhd:29]
ERROR: [VRFC 10-1504] unit test_bench ignored due to previous errors [C:/Users/idan8/Google Drive/UTK/Spring 2017/ECE 459/labs/ece459/lab2/lab_2/lab_2.srcs/sim_1/new/task2_tb.vhd:20]
INFO: [VRFC 10-240] VHDL file C:/Users/idan8/Google Drive/UTK/Spring 2017/ECE 459/labs/ece459/lab2/lab_2/lab_2.srcs/sim_1/new/task2_tb.vhd ignored due to errors
ERROR: [USF-XSim-62] 'compile' step failed with error(s). Please check the Tcl console output or '' file for more information.
add_files -norecurse {{C:/Users/idan8/Google Drive/UTK/Spring 2017/ECE 459/labs/ece459/lab2/lab_2/lab_2.srcs/sim_1/new/task2_tb.vhd}}
launch_simulation
INFO: [USF-XSim-27] Simulation object is 'sim_1'
INFO: [USF-XSim-37] Inspecting design source files for 'task2_tb' in fileset 'sim_1'...
INFO: [USF-XSim-97] Finding global include files...
INFO: [USF-XSim-100] Fetching design files from 'sources_1'...(this may take a while)...
INFO: [USF-XSim-101] Fetching design files from 'sim_1'...
INFO: [USF-XSim-2] XSim::Compile design
INFO: [USF-XSim-61] Executing 'COMPILE' step in 'C:/Users/idan8/Google Drive/UTK/Spring 2017/ECE 459/labs/ece459/lab2/lab_2/lab_2.sim/sim_1/behav'
"xvhdl -m64 -prj task2_tb_vhdl.prj"
INFO: [VRFC 10-163] Analyzing VHDL file "C:/Users/idan8/Google Drive/UTK/Spring 2017/ECE 459/labs/ece459/lab2/eight_bit.vhd" into library xil_defaultlib
INFO: [VRFC 10-307] analyzing entity eight_bit
INFO: [VRFC 10-163] Analyzing VHDL file "C:/Users/idan8/Google Drive/UTK/Spring 2017/ECE 459/labs/ece459/lab2/lab_2/lab_2.srcs/sim_1/new/task2_tb.vhd" into library xil_defaultlib
INFO: [VRFC 10-307] analyzing entity task2_tb
ERROR: [VRFC 10-64] test_bench is not a label of this statement [C:/Users/idan8/Google Drive/UTK/Spring 2017/ECE 459/labs/ece459/lab2/lab_2/lab_2.srcs/sim_1/new/task2_tb.vhd:29]
ERROR: [VRFC 10-1504] unit test_bench ignored due to previous errors [C:/Users/idan8/Google Drive/UTK/Spring 2017/ECE 459/labs/ece459/lab2/lab_2/lab_2.srcs/sim_1/new/task2_tb.vhd:20]
INFO: [VRFC 10-240] VHDL file C:/Users/idan8/Google Drive/UTK/Spring 2017/ECE 459/labs/ece459/lab2/lab_2/lab_2.srcs/sim_1/new/task2_tb.vhd ignored due to errors
ERROR: [USF-XSim-62] 'compile' step failed with error(s). Please check the Tcl console output or '' file for more information.
remove_files {{C:/Users/idan8/Google Drive/UTK/Spring 2017/ECE 459/labs/ece459/lab2/eight_bit.vhd}}
file mkdir C:/Users/idan8/Google Drive/UTK/Spring 2017/ECE 459/labs/ece459/lab2/lab_2/lab_2.srcs/sources_1/new
file mkdir C:/Users/idan8/Google Drive/UTK/Spring 2017/ECE 459/labs/ece459/lab2/lab_2/lab_2.srcs/sources_1/new
file mkdir C:/Users/idan8/Google Drive/UTK/Spring 2017/ECE 459/labs/ece459/lab2/lab_2/lab_2.srcs/sources_1/new
file mkdir C:/Users/idan8/Google Drive/UTK/Spring 2017/ECE 459/labs/ece459/lab2/lab_2/lab_2.srcs/sources_1/new
file mkdir C:/Users/idan8/Google Drive/UTK/Spring 2017/ECE 459/labs/ece459/lab2/lab_2/lab_2.srcs/sources_1/new
file mkdir C:/Users/idan8/Google Drive/UTK/Spring 2017/ECE 459/labs/ece459/lab2/lab_2/lab_2.srcs/sources_1/new
file mkdir {C:/Users/idan8/Google Drive/UTK/Spring 2017/ECE 459/labs/ece459/lab2/lab_2/lab_2.srcs/sources_1/new}
close [ open {C:/Users/idan8/Google Drive/UTK/Spring 2017/ECE 459/labs/ece459/lab2/lab_2/lab_2.srcs/sources_1/new/eight_bit.vhd} w ]
add_files {{C:/Users/idan8/Google Drive/UTK/Spring 2017/ECE 459/labs/ece459/lab2/lab_2/lab_2.srcs/sources_1/new/eight_bit.vhd}}
launch_simulation
INFO: [USF-XSim-27] Simulation object is 'sim_1'
INFO: [USF-XSim-37] Inspecting design source files for 'task2_tb' in fileset 'sim_1'...
INFO: [USF-XSim-97] Finding global include files...
INFO: [USF-XSim-100] Fetching design files from 'sources_1'...(this may take a while)...
INFO: [USF-XSim-101] Fetching design files from 'sim_1'...
INFO: [USF-XSim-2] XSim::Compile design
INFO: [USF-XSim-61] Executing 'COMPILE' step in 'C:/Users/idan8/Google Drive/UTK/Spring 2017/ECE 459/labs/ece459/lab2/lab_2/lab_2.sim/sim_1/behav'
"xvhdl -m64 -prj task2_tb_vhdl.prj"
INFO: [VRFC 10-163] Analyzing VHDL file "C:/Users/idan8/Google Drive/UTK/Spring 2017/ECE 459/labs/ece459/lab2/lab_2/lab_2.srcs/sim_1/new/task2_tb.vhd" into library xil_defaultlib
INFO: [VRFC 10-307] analyzing entity task2_tb
ERROR: [VRFC 10-64] test_bench is not a label of this statement [C:/Users/idan8/Google Drive/UTK/Spring 2017/ECE 459/labs/ece459/lab2/lab_2/lab_2.srcs/sim_1/new/task2_tb.vhd:29]
ERROR: [VRFC 10-1504] unit test_bench ignored due to previous errors [C:/Users/idan8/Google Drive/UTK/Spring 2017/ECE 459/labs/ece459/lab2/lab_2/lab_2.srcs/sim_1/new/task2_tb.vhd:20]
INFO: [VRFC 10-240] VHDL file C:/Users/idan8/Google Drive/UTK/Spring 2017/ECE 459/labs/ece459/lab2/lab_2/lab_2.srcs/sim_1/new/task2_tb.vhd ignored due to errors
ERROR: [USF-XSim-62] 'compile' step failed with error(s). Please check the Tcl console output or '' file for more information.
launch_simulation
INFO: [USF-XSim-27] Simulation object is 'sim_1'
INFO: [USF-XSim-37] Inspecting design source files for 'task2_tb' in fileset 'sim_1'...
INFO: [USF-XSim-97] Finding global include files...
INFO: [USF-XSim-100] Fetching design files from 'sources_1'...(this may take a while)...
INFO: [USF-XSim-101] Fetching design files from 'sim_1'...
INFO: [USF-XSim-2] XSim::Compile design
INFO: [USF-XSim-61] Executing 'COMPILE' step in 'C:/Users/idan8/Google Drive/UTK/Spring 2017/ECE 459/labs/ece459/lab2/lab_2/lab_2.sim/sim_1/behav'
"xvhdl -m64 -prj task2_tb_vhdl.prj"
INFO: [VRFC 10-163] Analyzing VHDL file "C:/Users/idan8/Google Drive/UTK/Spring 2017/ECE 459/labs/ece459/lab2/lab_2/lab_2.srcs/sim_1/new/task2_tb.vhd" into library xil_defaultlib
INFO: [VRFC 10-307] analyzing entity task2_tb
ERROR: [VRFC 10-64] test_bench is not a label of this statement [C:/Users/idan8/Google Drive/UTK/Spring 2017/ECE 459/labs/ece459/lab2/lab_2/lab_2.srcs/sim_1/new/task2_tb.vhd:29]
ERROR: [VRFC 10-1504] unit test_bench ignored due to previous errors [C:/Users/idan8/Google Drive/UTK/Spring 2017/ECE 459/labs/ece459/lab2/lab_2/lab_2.srcs/sim_1/new/task2_tb.vhd:20]
INFO: [VRFC 10-240] VHDL file C:/Users/idan8/Google Drive/UTK/Spring 2017/ECE 459/labs/ece459/lab2/lab_2/lab_2.srcs/sim_1/new/task2_tb.vhd ignored due to errors
ERROR: [USF-XSim-62] 'compile' step failed with error(s). Please check the Tcl console output or '' file for more information.
launch_simulation
INFO: [USF-XSim-27] Simulation object is 'sim_1'
INFO: [USF-XSim-37] Inspecting design source files for 'task2_tb' in fileset 'sim_1'...
INFO: [USF-XSim-97] Finding global include files...
INFO: [USF-XSim-100] Fetching design files from 'sources_1'...(this may take a while)...
INFO: [USF-XSim-101] Fetching design files from 'sim_1'...
INFO: [USF-XSim-2] XSim::Compile design
INFO: [USF-XSim-61] Executing 'COMPILE' step in 'C:/Users/idan8/Google Drive/UTK/Spring 2017/ECE 459/labs/ece459/lab2/lab_2/lab_2.sim/sim_1/behav'
"xvhdl -m64 -prj task2_tb_vhdl.prj"
INFO: [VRFC 10-163] Analyzing VHDL file "C:/Users/idan8/Google Drive/UTK/Spring 2017/ECE 459/labs/ece459/lab2/lab_2/lab_2.srcs/sim_1/new/task2_tb.vhd" into library xil_defaultlib
INFO: [VRFC 10-307] analyzing entity task2_tb
ERROR: [VRFC 10-64] test_bench is not a label of this statement [C:/Users/idan8/Google Drive/UTK/Spring 2017/ECE 459/labs/ece459/lab2/lab_2/lab_2.srcs/sim_1/new/task2_tb.vhd:29]
ERROR: [VRFC 10-1504] unit test_bench ignored due to previous errors [C:/Users/idan8/Google Drive/UTK/Spring 2017/ECE 459/labs/ece459/lab2/lab_2/lab_2.srcs/sim_1/new/task2_tb.vhd:20]
INFO: [VRFC 10-240] VHDL file C:/Users/idan8/Google Drive/UTK/Spring 2017/ECE 459/labs/ece459/lab2/lab_2/lab_2.srcs/sim_1/new/task2_tb.vhd ignored due to errors
ERROR: [USF-XSim-62] 'compile' step failed with error(s). Please check the Tcl console output or '' file for more information.
launch_simulation
INFO: [USF-XSim-27] Simulation object is 'sim_1'
INFO: [USF-XSim-37] Inspecting design source files for 'task2_tb' in fileset 'sim_1'...
INFO: [USF-XSim-97] Finding global include files...
INFO: [USF-XSim-100] Fetching design files from 'sources_1'...(this may take a while)...
INFO: [USF-XSim-101] Fetching design files from 'sim_1'...
INFO: [USF-XSim-2] XSim::Compile design
INFO: [USF-XSim-61] Executing 'COMPILE' step in 'C:/Users/idan8/Google Drive/UTK/Spring 2017/ECE 459/labs/ece459/lab2/lab_2/lab_2.sim/sim_1/behav'
"xvhdl -m64 -prj task2_tb_vhdl.prj"
INFO: [VRFC 10-163] Analyzing VHDL file "C:/Users/idan8/Google Drive/UTK/Spring 2017/ECE 459/labs/ece459/lab2/lab_2/lab_2.srcs/sim_1/new/task2_tb.vhd" into library xil_defaultlib
INFO: [VRFC 10-307] analyzing entity task2_tb
ERROR: [VRFC 10-64] test_bench is not a label of this statement [C:/Users/idan8/Google Drive/UTK/Spring 2017/ECE 459/labs/ece459/lab2/lab_2/lab_2.srcs/sim_1/new/task2_tb.vhd:29]
ERROR: [VRFC 10-1504] unit test_bench ignored due to previous errors [C:/Users/idan8/Google Drive/UTK/Spring 2017/ECE 459/labs/ece459/lab2/lab_2/lab_2.srcs/sim_1/new/task2_tb.vhd:20]
INFO: [VRFC 10-240] VHDL file C:/Users/idan8/Google Drive/UTK/Spring 2017/ECE 459/labs/ece459/lab2/lab_2/lab_2.srcs/sim_1/new/task2_tb.vhd ignored due to errors
ERROR: [USF-XSim-62] 'compile' step failed with error(s). Please check the Tcl console output or '' file for more information.
launch_simulation
INFO: [USF-XSim-27] Simulation object is 'sim_1'
INFO: [USF-XSim-37] Inspecting design source files for 'task2_tb' in fileset 'sim_1'...
INFO: [USF-XSim-97] Finding global include files...
INFO: [USF-XSim-100] Fetching design files from 'sources_1'...(this may take a while)...
INFO: [USF-XSim-101] Fetching design files from 'sim_1'...
INFO: [USF-XSim-2] XSim::Compile design
INFO: [USF-XSim-61] Executing 'COMPILE' step in 'C:/Users/idan8/Google Drive/UTK/Spring 2017/ECE 459/labs/ece459/lab2/lab_2/lab_2.sim/sim_1/behav'
"xvhdl -m64 -prj task2_tb_vhdl.prj"
INFO: [VRFC 10-163] Analyzing VHDL file "C:/Users/idan8/Google Drive/UTK/Spring 2017/ECE 459/labs/ece459/lab2/lab_2/lab_2.srcs/sim_1/new/task2_tb.vhd" into library xil_defaultlib
INFO: [VRFC 10-307] analyzing entity task2_tb
INFO: [VRFC 10-163] Analyzing VHDL file "C:/Users/idan8/Google Drive/UTK/Spring 2017/ECE 459/labs/ece459/lab2/lab_2/lab_2.srcs/sources_1/new/eight_bit.vhd" into library xil_defaultlib
INFO: [VRFC 10-307] analyzing entity eight_bit
INFO: [USF-XSim-3] XSim::Elaborate design
INFO: [USF-XSim-61] Executing 'ELABORATE' step in 'C:/Users/idan8/Google Drive/UTK/Spring 2017/ECE 459/labs/ece459/lab2/lab_2/lab_2.sim/sim_1/behav'
Vivado Simulator 2014.4
Copyright 1986-1999, 2001-2014 Xilinx, Inc. All Rights Reserved.
Running: C:/Xilinx/Vivado/2014.4/bin/unwrapped/win64.o/xelab.exe -wto 5063dc4912e745f5b242be1bb2ac1ca8 --debug typical --relax -L xil_defaultlib -L secureip --snapshot task2_tb_behav xil_defaultlib.task2_tb -log elaborate.log 
Multi-threading is on. Using 2 slave threads.
Starting static elaboration
ERROR: [VRFC 10-716] formal port q of mode inout cannot be associated with actual port q of mode out [C:/Users/idan8/Google Drive/UTK/Spring 2017/ECE 459/labs/ece459/lab2/lab_2/lab_2.srcs/sim_1/new/task2_tb.vhd:26]
ERROR: [XSIM 43-3321] Static elaboration of top level VHDL design unit task2_tb in library work failed.
ERROR: [USF-XSim-62] 'elaborate' step failed with error(s). Please check the Tcl console output or '' file for more information.
launch_simulation
INFO: [USF-XSim-27] Simulation object is 'sim_1'
INFO: [USF-XSim-37] Inspecting design source files for 'task2_tb' in fileset 'sim_1'...
INFO: [USF-XSim-97] Finding global include files...
INFO: [USF-XSim-100] Fetching design files from 'sources_1'...(this may take a while)...
INFO: [USF-XSim-101] Fetching design files from 'sim_1'...
INFO: [USF-XSim-2] XSim::Compile design
INFO: [USF-XSim-61] Executing 'COMPILE' step in 'C:/Users/idan8/Google Drive/UTK/Spring 2017/ECE 459/labs/ece459/lab2/lab_2/lab_2.sim/sim_1/behav'
"xvhdl -m64 -prj task2_tb_vhdl.prj"
INFO: [VRFC 10-163] Analyzing VHDL file "C:/Users/idan8/Google Drive/UTK/Spring 2017/ECE 459/labs/ece459/lab2/lab_2/lab_2.srcs/sim_1/new/task2_tb.vhd" into library xil_defaultlib
INFO: [VRFC 10-307] analyzing entity task2_tb
INFO: [VRFC 10-163] Analyzing VHDL file "C:/Users/idan8/Google Drive/UTK/Spring 2017/ECE 459/labs/ece459/lab2/lab_2/lab_2.srcs/sources_1/new/eight_bit.vhd" into library xil_defaultlib
INFO: [VRFC 10-307] analyzing entity eight_bit
INFO: [USF-XSim-3] XSim::Elaborate design
INFO: [USF-XSim-61] Executing 'ELABORATE' step in 'C:/Users/idan8/Google Drive/UTK/Spring 2017/ECE 459/labs/ece459/lab2/lab_2/lab_2.sim/sim_1/behav'
Vivado Simulator 2014.4
Copyright 1986-1999, 2001-2014 Xilinx, Inc. All Rights Reserved.
Running: C:/Xilinx/Vivado/2014.4/bin/unwrapped/win64.o/xelab.exe -wto 5063dc4912e745f5b242be1bb2ac1ca8 --debug typical --relax -L xil_defaultlib -L secureip --snapshot task2_tb_behav xil_defaultlib.task2_tb -log elaborate.log 
Multi-threading is on. Using 2 slave threads.
Starting static elaboration
Completed static elaboration
Starting simulation data flow analysis
Completed simulation data flow analysis
Time Resolution for simulation is 1ps
Compiling package std.standard
Compiling package ieee.std_logic_1164
Compiling package ieee.numeric_std
Compiling package std.textio
Compiling package ieee.std_logic_textio
Compiling package ieee.std_logic_arith
Compiling package ieee.std_logic_unsigned
Compiling architecture behavioral of entity xil_defaultlib.eight_bit [eight_bit_default]
Compiling architecture test_bench of entity xil_defaultlib.task2_tb
Waiting for 2 sub-compilation(s) to finish...
Built simulation snapshot task2_tb_behav

****** Webtalk v2014.4 (64-bit)
  **** SW Build 1071353 on Tue Nov 18 18:24:04 MST 2014
  **** IP Build 1070531 on Tue Nov 18 01:10:18 MST 2014
    ** Copyright 1986-2014 Xilinx, Inc. All Rights Reserved.

source C:/Users/idan8/Google -notrace
couldn't read file "C:/Users/idan8/Google": permission denied
INFO: [Common 17-206] Exiting Webtalk at Sat Feb 18 11:51:11 2017...
INFO: [USF-XSim-4] XSim::Simulate design
INFO: [USF-XSim-61] Executing 'SIMULATE' step in 'C:/Users/idan8/Google Drive/UTK/Spring 2017/ECE 459/labs/ece459/lab2/lab_2/lab_2.sim/sim_1/behav'
INFO: [USF-XSim-98] *** Running xsim
   with args "task2_tb_behav -key {Behavioral:sim_1:Functional:task2_tb} -tclbatch {task2_tb.tcl} -log {simulate.log}"
INFO: [USF-XSim-8] Loading simulator feature
Vivado Simulator 2014.4
Time resolution is 1 ps
source task2_tb.tcl
# set curr_wave [current_wave_config]
# if { [string length $curr_wave] == 0 } {
#   if { [llength [get_objects]] > 0} {
#     add_wave /
#     set_property needs_save false [current_wave_config]
#   } else {
#      send_msg_id Add_Wave-1 WARNING "No top level signals found. Simulator will start without a wave window. If you want to open a wave window go to 'File->New Waveform Configuration' or type 'create_wave_config' in the TCL console."
#   }
# }
# run 1000ns
INFO: [USF-XSim-96] XSim completed. Design snapshot 'task2_tb_behav' loaded.
INFO: [USF-XSim-97] XSim simulation ran for 1000ns
launch_simulation: Time (s): cpu = 00:00:02 ; elapsed = 00:00:07 . Memory (MB): peak = 753.883 ; gain = 5.293
close_sim
INFO: [Simtcl 6-16] Simulation closed
launch_simulation
INFO: [USF-XSim-27] Simulation object is 'sim_1'
INFO: [USF-XSim-37] Inspecting design source files for 'task2_tb' in fileset 'sim_1'...
INFO: [USF-XSim-97] Finding global include files...
INFO: [USF-XSim-100] Fetching design files from 'sources_1'...(this may take a while)...
INFO: [USF-XSim-101] Fetching design files from 'sim_1'...
INFO: [USF-XSim-2] XSim::Compile design
INFO: [USF-XSim-61] Executing 'COMPILE' step in 'C:/Users/idan8/Google Drive/UTK/Spring 2017/ECE 459/labs/ece459/lab2/lab_2/lab_2.sim/sim_1/behav'
"xvhdl -m64 -prj task2_tb_vhdl.prj"
INFO: [VRFC 10-163] Analyzing VHDL file "C:/Users/idan8/Google Drive/UTK/Spring 2017/ECE 459/labs/ece459/lab2/lab_2/lab_2.srcs/sim_1/new/task2_tb.vhd" into library xil_defaultlib
INFO: [VRFC 10-307] analyzing entity task2_tb
INFO: [VRFC 10-163] Analyzing VHDL file "C:/Users/idan8/Google Drive/UTK/Spring 2017/ECE 459/labs/ece459/lab2/lab_2/lab_2.srcs/sources_1/new/eight_bit.vhd" into library xil_defaultlib
INFO: [VRFC 10-307] analyzing entity eight_bit
INFO: [USF-XSim-3] XSim::Elaborate design
INFO: [USF-XSim-61] Executing 'ELABORATE' step in 'C:/Users/idan8/Google Drive/UTK/Spring 2017/ECE 459/labs/ece459/lab2/lab_2/lab_2.sim/sim_1/behav'
Vivado Simulator 2014.4
Copyright 1986-1999, 2001-2014 Xilinx, Inc. All Rights Reserved.
Running: C:/Xilinx/Vivado/2014.4/bin/unwrapped/win64.o/xelab.exe -wto 5063dc4912e745f5b242be1bb2ac1ca8 --debug typical --relax -L xil_defaultlib -L secureip --snapshot task2_tb_behav xil_defaultlib.task2_tb -log elaborate.log 
Multi-threading is on. Using 2 slave threads.
Starting static elaboration
Completed static elaboration
Starting simulation data flow analysis
Completed simulation data flow analysis
Time Resolution for simulation is 1ps
Compiling package std.standard
Compiling package ieee.std_logic_1164
Compiling package ieee.numeric_std
Compiling package std.textio
Compiling package ieee.std_logic_textio
Compiling package ieee.std_logic_arith
Compiling package ieee.std_logic_unsigned
Compiling architecture behavioral of entity xil_defaultlib.eight_bit [eight_bit_default]
Compiling architecture test_bench of entity xil_defaultlib.task2_tb
Waiting for 2 sub-compilation(s) to finish...
Built simulation snapshot task2_tb_behav

****** Webtalk v2014.4 (64-bit)
  **** SW Build 1071353 on Tue Nov 18 18:24:04 MST 2014
  **** IP Build 1070531 on Tue Nov 18 01:10:18 MST 2014
    ** Copyright 1986-2014 Xilinx, Inc. All Rights Reserved.

source C:/Users/idan8/Google -notrace
couldn't read file "C:/Users/idan8/Google": permission denied
INFO: [Common 17-206] Exiting Webtalk at Sat Feb 18 11:54:47 2017...
INFO: [USF-XSim-4] XSim::Simulate design
INFO: [USF-XSim-61] Executing 'SIMULATE' step in 'C:/Users/idan8/Google Drive/UTK/Spring 2017/ECE 459/labs/ece459/lab2/lab_2/lab_2.sim/sim_1/behav'
INFO: [USF-XSim-98] *** Running xsim
   with args "task2_tb_behav -key {Behavioral:sim_1:Functional:task2_tb} -tclbatch {task2_tb.tcl} -log {simulate.log}"
INFO: [USF-XSim-8] Loading simulator feature
Vivado Simulator 2014.4
Time resolution is 1 ps
source task2_tb.tcl
# set curr_wave [current_wave_config]
# if { [string length $curr_wave] == 0 } {
#   if { [llength [get_objects]] > 0} {
#     add_wave /
#     set_property needs_save false [current_wave_config]
#   } else {
#      send_msg_id Add_Wave-1 WARNING "No top level signals found. Simulator will start without a wave window. If you want to open a wave window go to 'File->New Waveform Configuration' or type 'create_wave_config' in the TCL console."
#   }
# }
# run 1000ns
INFO: [USF-XSim-96] XSim completed. Design snapshot 'task2_tb_behav' loaded.
INFO: [USF-XSim-97] XSim simulation ran for 1000ns
launch_simulation: Time (s): cpu = 00:00:03 ; elapsed = 00:00:07 . Memory (MB): peak = 762.805 ; gain = 0.000
close_sim
INFO: [Simtcl 6-16] Simulation closed
launch_simulation
INFO: [USF-XSim-27] Simulation object is 'sim_1'
INFO: [USF-XSim-37] Inspecting design source files for 'task2_tb' in fileset 'sim_1'...
INFO: [USF-XSim-97] Finding global include files...
INFO: [USF-XSim-100] Fetching design files from 'sources_1'...(this may take a while)...
INFO: [USF-XSim-101] Fetching design files from 'sim_1'...
INFO: [USF-XSim-2] XSim::Compile design
INFO: [USF-XSim-61] Executing 'COMPILE' step in 'C:/Users/idan8/Google Drive/UTK/Spring 2017/ECE 459/labs/ece459/lab2/lab_2/lab_2.sim/sim_1/behav'
"xvhdl -m64 -prj task2_tb_vhdl.prj"
INFO: [VRFC 10-163] Analyzing VHDL file "C:/Users/idan8/Google Drive/UTK/Spring 2017/ECE 459/labs/ece459/lab2/lab_2/lab_2.srcs/sim_1/new/task2_tb.vhd" into library xil_defaultlib
INFO: [VRFC 10-307] analyzing entity task2_tb
INFO: [VRFC 10-163] Analyzing VHDL file "C:/Users/idan8/Google Drive/UTK/Spring 2017/ECE 459/labs/ece459/lab2/lab_2/lab_2.srcs/sources_1/new/eight_bit.vhd" into library xil_defaultlib
INFO: [VRFC 10-307] analyzing entity eight_bit
INFO: [USF-XSim-3] XSim::Elaborate design
INFO: [USF-XSim-61] Executing 'ELABORATE' step in 'C:/Users/idan8/Google Drive/UTK/Spring 2017/ECE 459/labs/ece459/lab2/lab_2/lab_2.sim/sim_1/behav'
Vivado Simulator 2014.4
Copyright 1986-1999, 2001-2014 Xilinx, Inc. All Rights Reserved.
Running: C:/Xilinx/Vivado/2014.4/bin/unwrapped/win64.o/xelab.exe -wto 5063dc4912e745f5b242be1bb2ac1ca8 --debug typical --relax -L xil_defaultlib -L secureip --snapshot task2_tb_behav xil_defaultlib.task2_tb -log elaborate.log 
Multi-threading is on. Using 2 slave threads.
Starting static elaboration
Completed static elaboration
Starting simulation data flow analysis
Completed simulation data flow analysis
Time Resolution for simulation is 1ps
Compiling package std.standard
Compiling package ieee.std_logic_1164
Compiling package ieee.numeric_std
Compiling package std.textio
Compiling package ieee.std_logic_textio
Compiling package ieee.std_logic_arith
Compiling package ieee.std_logic_unsigned
Compiling architecture behavioral of entity xil_defaultlib.eight_bit [eight_bit_default]
Compiling architecture test_bench of entity xil_defaultlib.task2_tb
Waiting for 2 sub-compilation(s) to finish...
Built simulation snapshot task2_tb_behav

****** Webtalk v2014.4 (64-bit)
  **** SW Build 1071353 on Tue Nov 18 18:24:04 MST 2014
  **** IP Build 1070531 on Tue Nov 18 01:10:18 MST 2014
    ** Copyright 1986-2014 Xilinx, Inc. All Rights Reserved.

source C:/Users/idan8/Google -notrace
couldn't read file "C:/Users/idan8/Google": permission denied
INFO: [Common 17-206] Exiting Webtalk at Sat Feb 18 12:00:07 2017...
INFO: [USF-XSim-4] XSim::Simulate design
INFO: [USF-XSim-61] Executing 'SIMULATE' step in 'C:/Users/idan8/Google Drive/UTK/Spring 2017/ECE 459/labs/ece459/lab2/lab_2/lab_2.sim/sim_1/behav'
INFO: [USF-XSim-98] *** Running xsim
   with args "task2_tb_behav -key {Behavioral:sim_1:Functional:task2_tb} -tclbatch {task2_tb.tcl} -log {simulate.log}"
INFO: [USF-XSim-8] Loading simulator feature
Vivado Simulator 2014.4
Time resolution is 1 ps
source task2_tb.tcl
# set curr_wave [current_wave_config]
# if { [string length $curr_wave] == 0 } {
#   if { [llength [get_objects]] > 0} {
#     add_wave /
#     set_property needs_save false [current_wave_config]
#   } else {
#      send_msg_id Add_Wave-1 WARNING "No top level signals found. Simulator will start without a wave window. If you want to open a wave window go to 'File->New Waveform Configuration' or type 'create_wave_config' in the TCL console."
#   }
# }
# run 1000ns
INFO: [USF-XSim-96] XSim completed. Design snapshot 'task2_tb_behav' loaded.
INFO: [USF-XSim-97] XSim simulation ran for 1000ns
launch_simulation: Time (s): cpu = 00:00:03 ; elapsed = 00:00:07 . Memory (MB): peak = 770.711 ; gain = 3.223
close_sim
INFO: [Simtcl 6-16] Simulation closed
launch_simulation
INFO: [USF-XSim-27] Simulation object is 'sim_1'
INFO: [USF-XSim-37] Inspecting design source files for 'task2_tb' in fileset 'sim_1'...
INFO: [USF-XSim-97] Finding global include files...
INFO: [USF-XSim-100] Fetching design files from 'sources_1'...(this may take a while)...
INFO: [USF-XSim-101] Fetching design files from 'sim_1'...
INFO: [USF-XSim-2] XSim::Compile design
INFO: [USF-XSim-61] Executing 'COMPILE' step in 'C:/Users/idan8/Google Drive/UTK/Spring 2017/ECE 459/labs/ece459/lab2/lab_2/lab_2.sim/sim_1/behav'
"xvhdl -m64 -prj task2_tb_vhdl.prj"
INFO: [VRFC 10-163] Analyzing VHDL file "C:/Users/idan8/Google Drive/UTK/Spring 2017/ECE 459/labs/ece459/lab2/lab_2/lab_2.srcs/sim_1/new/task2_tb.vhd" into library xil_defaultlib
INFO: [VRFC 10-307] analyzing entity task2_tb
INFO: [VRFC 10-163] Analyzing VHDL file "C:/Users/idan8/Google Drive/UTK/Spring 2017/ECE 459/labs/ece459/lab2/lab_2/lab_2.srcs/sources_1/new/eight_bit.vhd" into library xil_defaultlib
INFO: [VRFC 10-307] analyzing entity eight_bit
INFO: [USF-XSim-3] XSim::Elaborate design
INFO: [USF-XSim-61] Executing 'ELABORATE' step in 'C:/Users/idan8/Google Drive/UTK/Spring 2017/ECE 459/labs/ece459/lab2/lab_2/lab_2.sim/sim_1/behav'
Vivado Simulator 2014.4
Copyright 1986-1999, 2001-2014 Xilinx, Inc. All Rights Reserved.
Running: C:/Xilinx/Vivado/2014.4/bin/unwrapped/win64.o/xelab.exe -wto 5063dc4912e745f5b242be1bb2ac1ca8 --debug typical --relax -L xil_defaultlib -L secureip --snapshot task2_tb_behav xil_defaultlib.task2_tb -log elaborate.log 
Multi-threading is on. Using 2 slave threads.
Starting static elaboration
Completed static elaboration
Starting simulation data flow analysis
Completed simulation data flow analysis
Time Resolution for simulation is 1ps
Compiling package std.standard
Compiling package ieee.std_logic_1164
Compiling package ieee.numeric_std
Compiling package std.textio
Compiling package ieee.std_logic_textio
Compiling package ieee.std_logic_arith
Compiling package ieee.std_logic_unsigned
Compiling architecture behavioral of entity xil_defaultlib.eight_bit [eight_bit_default]
Compiling architecture test_bench of entity xil_defaultlib.task2_tb
Waiting for 2 sub-compilation(s) to finish...
Built simulation snapshot task2_tb_behav

****** Webtalk v2014.4 (64-bit)
  **** SW Build 1071353 on Tue Nov 18 18:24:04 MST 2014
  **** IP Build 1070531 on Tue Nov 18 01:10:18 MST 2014
    ** Copyright 1986-2014 Xilinx, Inc. All Rights Reserved.

source C:/Users/idan8/Google -notrace
couldn't read file "C:/Users/idan8/Google": permission denied
INFO: [Common 17-206] Exiting Webtalk at Sat Feb 18 12:01:39 2017...
INFO: [USF-XSim-4] XSim::Simulate design
INFO: [USF-XSim-61] Executing 'SIMULATE' step in 'C:/Users/idan8/Google Drive/UTK/Spring 2017/ECE 459/labs/ece459/lab2/lab_2/lab_2.sim/sim_1/behav'
INFO: [USF-XSim-98] *** Running xsim
   with args "task2_tb_behav -key {Behavioral:sim_1:Functional:task2_tb} -tclbatch {task2_tb.tcl} -log {simulate.log}"
INFO: [USF-XSim-8] Loading simulator feature
Vivado Simulator 2014.4
Time resolution is 1 ps
source task2_tb.tcl
# set curr_wave [current_wave_config]
# if { [string length $curr_wave] == 0 } {
#   if { [llength [get_objects]] > 0} {
#     add_wave /
#     set_property needs_save false [current_wave_config]
#   } else {
#      send_msg_id Add_Wave-1 WARNING "No top level signals found. Simulator will start without a wave window. If you want to open a wave window go to 'File->New Waveform Configuration' or type 'create_wave_config' in the TCL console."
#   }
# }
# run 1000ns
INFO: [USF-XSim-96] XSim completed. Design snapshot 'task2_tb_behav' loaded.
INFO: [USF-XSim-97] XSim simulation ran for 1000ns
launch_simulation: Time (s): cpu = 00:00:02 ; elapsed = 00:00:07 . Memory (MB): peak = 775.340 ; gain = 0.000
run all
INFO: [Common 17-41] Interrupt caught. Command should exit soon.
run: Time (s): cpu = 00:00:08 ; elapsed = 00:00:08 . Memory (MB): peak = 775.340 ; gain = 0.000
INFO: [Common 17-344] 'run' was cancelled
close_sim
INFO: [Simtcl 6-16] Simulation closed
launch_simulation
INFO: [USF-XSim-27] Simulation object is 'sim_1'
INFO: [USF-XSim-37] Inspecting design source files for 'task2_tb' in fileset 'sim_1'...
INFO: [USF-XSim-97] Finding global include files...
INFO: [USF-XSim-100] Fetching design files from 'sources_1'...(this may take a while)...
INFO: [USF-XSim-101] Fetching design files from 'sim_1'...
INFO: [USF-XSim-2] XSim::Compile design
INFO: [USF-XSim-61] Executing 'COMPILE' step in 'C:/Users/idan8/Google Drive/UTK/Spring 2017/ECE 459/labs/ece459/lab2/lab_2/lab_2.sim/sim_1/behav'
"xvhdl -m64 -prj task2_tb_vhdl.prj"
INFO: [VRFC 10-163] Analyzing VHDL file "C:/Users/idan8/Google Drive/UTK/Spring 2017/ECE 459/labs/ece459/lab2/lab_2/lab_2.srcs/sim_1/new/task2_tb.vhd" into library xil_defaultlib
INFO: [VRFC 10-307] analyzing entity task2_tb
INFO: [VRFC 10-163] Analyzing VHDL file "C:/Users/idan8/Google Drive/UTK/Spring 2017/ECE 459/labs/ece459/lab2/lab_2/lab_2.srcs/sources_1/new/eight_bit.vhd" into library xil_defaultlib
INFO: [VRFC 10-307] analyzing entity eight_bit
INFO: [USF-XSim-3] XSim::Elaborate design
INFO: [USF-XSim-61] Executing 'ELABORATE' step in 'C:/Users/idan8/Google Drive/UTK/Spring 2017/ECE 459/labs/ece459/lab2/lab_2/lab_2.sim/sim_1/behav'
Vivado Simulator 2014.4
Copyright 1986-1999, 2001-2014 Xilinx, Inc. All Rights Reserved.
Running: C:/Xilinx/Vivado/2014.4/bin/unwrapped/win64.o/xelab.exe -wto 5063dc4912e745f5b242be1bb2ac1ca8 --debug typical --relax -L xil_defaultlib -L secureip --snapshot task2_tb_behav xil_defaultlib.task2_tb -log elaborate.log 
Multi-threading is on. Using 2 slave threads.
Starting static elaboration
Completed static elaboration
Starting simulation data flow analysis
Completed simulation data flow analysis
Time Resolution for simulation is 1ps
Compiling package std.standard
Compiling package ieee.std_logic_1164
Compiling package ieee.numeric_std
Compiling package std.textio
Compiling package ieee.std_logic_textio
Compiling package ieee.std_logic_arith
Compiling package ieee.std_logic_unsigned
Compiling architecture behavioral of entity xil_defaultlib.eight_bit [eight_bit_default]
Compiling architecture test_bench of entity xil_defaultlib.task2_tb
Waiting for 2 sub-compilation(s) to finish...
Built simulation snapshot task2_tb_behav

****** Webtalk v2014.4 (64-bit)
  **** SW Build 1071353 on Tue Nov 18 18:24:04 MST 2014
  **** IP Build 1070531 on Tue Nov 18 01:10:18 MST 2014
    ** Copyright 1986-2014 Xilinx, Inc. All Rights Reserved.

source C:/Users/idan8/Google -notrace
couldn't read file "C:/Users/idan8/Google": permission denied
INFO: [Common 17-206] Exiting Webtalk at Sat Feb 18 12:04:05 2017...
INFO: [USF-XSim-4] XSim::Simulate design
INFO: [USF-XSim-61] Executing 'SIMULATE' step in 'C:/Users/idan8/Google Drive/UTK/Spring 2017/ECE 459/labs/ece459/lab2/lab_2/lab_2.sim/sim_1/behav'
INFO: [USF-XSim-98] *** Running xsim
   with args "task2_tb_behav -key {Behavioral:sim_1:Functional:task2_tb} -tclbatch {task2_tb.tcl} -log {simulate.log}"
INFO: [USF-XSim-8] Loading simulator feature
Vivado Simulator 2014.4
Time resolution is 1 ps
source task2_tb.tcl
# set curr_wave [current_wave_config]
# if { [string length $curr_wave] == 0 } {
#   if { [llength [get_objects]] > 0} {
#     add_wave /
#     set_property needs_save false [current_wave_config]
#   } else {
#      send_msg_id Add_Wave-1 WARNING "No top level signals found. Simulator will start without a wave window. If you want to open a wave window go to 'File->New Waveform Configuration' or type 'create_wave_config' in the TCL console."
#   }
# }
# run 1000ns
INFO: [USF-XSim-96] XSim completed. Design snapshot 'task2_tb_behav' loaded.
INFO: [USF-XSim-97] XSim simulation ran for 1000ns
launch_simulation: Time (s): cpu = 00:00:01 ; elapsed = 00:00:07 . Memory (MB): peak = 798.383 ; gain = 0.000
close_sim
INFO: [Simtcl 6-16] Simulation closed
launch_simulation
INFO: [USF-XSim-27] Simulation object is 'sim_1'
INFO: [USF-XSim-37] Inspecting design source files for 'task2_tb' in fileset 'sim_1'...
INFO: [USF-XSim-97] Finding global include files...
INFO: [USF-XSim-100] Fetching design files from 'sources_1'...(this may take a while)...
INFO: [USF-XSim-101] Fetching design files from 'sim_1'...
INFO: [USF-XSim-2] XSim::Compile design
INFO: [USF-XSim-61] Executing 'COMPILE' step in 'C:/Users/idan8/Google Drive/UTK/Spring 2017/ECE 459/labs/ece459/lab2/lab_2/lab_2.sim/sim_1/behav'
"xvhdl -m64 -prj task2_tb_vhdl.prj"
INFO: [VRFC 10-163] Analyzing VHDL file "C:/Users/idan8/Google Drive/UTK/Spring 2017/ECE 459/labs/ece459/lab2/lab_2/lab_2.srcs/sim_1/new/task2_tb.vhd" into library xil_defaultlib
INFO: [VRFC 10-307] analyzing entity task2_tb
INFO: [VRFC 10-163] Analyzing VHDL file "C:/Users/idan8/Google Drive/UTK/Spring 2017/ECE 459/labs/ece459/lab2/lab_2/lab_2.srcs/sources_1/new/eight_bit.vhd" into library xil_defaultlib
INFO: [VRFC 10-307] analyzing entity eight_bit
INFO: [USF-XSim-3] XSim::Elaborate design
INFO: [USF-XSim-61] Executing 'ELABORATE' step in 'C:/Users/idan8/Google Drive/UTK/Spring 2017/ECE 459/labs/ece459/lab2/lab_2/lab_2.sim/sim_1/behav'
Vivado Simulator 2014.4
Copyright 1986-1999, 2001-2014 Xilinx, Inc. All Rights Reserved.
Running: C:/Xilinx/Vivado/2014.4/bin/unwrapped/win64.o/xelab.exe -wto 5063dc4912e745f5b242be1bb2ac1ca8 --debug typical --relax -L xil_defaultlib -L secureip --snapshot task2_tb_behav xil_defaultlib.task2_tb -log elaborate.log 
Multi-threading is on. Using 2 slave threads.
Starting static elaboration
Completed static elaboration
Starting simulation data flow analysis
Completed simulation data flow analysis
Time Resolution for simulation is 1ps
Compiling package std.standard
Compiling package ieee.std_logic_1164
Compiling package ieee.numeric_std
Compiling package std.textio
Compiling package ieee.std_logic_textio
Compiling package ieee.std_logic_arith
Compiling package ieee.std_logic_unsigned
Compiling architecture behavioral of entity xil_defaultlib.eight_bit [eight_bit_default]
Compiling architecture test_bench of entity xil_defaultlib.task2_tb
Waiting for 2 sub-compilation(s) to finish...
Built simulation snapshot task2_tb_behav

****** Webtalk v2014.4 (64-bit)
  **** SW Build 1071353 on Tue Nov 18 18:24:04 MST 2014
  **** IP Build 1070531 on Tue Nov 18 01:10:18 MST 2014
    ** Copyright 1986-2014 Xilinx, Inc. All Rights Reserved.

source C:/Users/idan8/Google -notrace
couldn't read file "C:/Users/idan8/Google": permission denied
INFO: [Common 17-206] Exiting Webtalk at Sat Feb 18 12:05:49 2017...
INFO: [USF-XSim-4] XSim::Simulate design
INFO: [USF-XSim-61] Executing 'SIMULATE' step in 'C:/Users/idan8/Google Drive/UTK/Spring 2017/ECE 459/labs/ece459/lab2/lab_2/lab_2.sim/sim_1/behav'
INFO: [USF-XSim-98] *** Running xsim
   with args "task2_tb_behav -key {Behavioral:sim_1:Functional:task2_tb} -tclbatch {task2_tb.tcl} -log {simulate.log}"
INFO: [USF-XSim-8] Loading simulator feature
Vivado Simulator 2014.4
Time resolution is 1 ps
source task2_tb.tcl
# set curr_wave [current_wave_config]
# if { [string length $curr_wave] == 0 } {
#   if { [llength [get_objects]] > 0} {
#     add_wave /
#     set_property needs_save false [current_wave_config]
#   } else {
#      send_msg_id Add_Wave-1 WARNING "No top level signals found. Simulator will start without a wave window. If you want to open a wave window go to 'File->New Waveform Configuration' or type 'create_wave_config' in the TCL console."
#   }
# }
# run 1000ns
INFO: [USF-XSim-96] XSim completed. Design snapshot 'task2_tb_behav' loaded.
INFO: [USF-XSim-97] XSim simulation ran for 1000ns
launch_simulation: Time (s): cpu = 00:00:02 ; elapsed = 00:00:08 . Memory (MB): peak = 798.383 ; gain = 0.000
close_sim
INFO: [Simtcl 6-16] Simulation closed
launch_simulation
INFO: [USF-XSim-27] Simulation object is 'sim_1'
INFO: [USF-XSim-37] Inspecting design source files for 'task2_tb' in fileset 'sim_1'...
INFO: [USF-XSim-97] Finding global include files...
INFO: [USF-XSim-100] Fetching design files from 'sources_1'...(this may take a while)...
INFO: [USF-XSim-101] Fetching design files from 'sim_1'...
INFO: [USF-XSim-2] XSim::Compile design
INFO: [USF-XSim-61] Executing 'COMPILE' step in 'C:/Users/idan8/Google Drive/UTK/Spring 2017/ECE 459/labs/ece459/lab2/lab_2/lab_2.sim/sim_1/behav'
"xvhdl -m64 -prj task2_tb_vhdl.prj"
INFO: [VRFC 10-163] Analyzing VHDL file "C:/Users/idan8/Google Drive/UTK/Spring 2017/ECE 459/labs/ece459/lab2/lab_2/lab_2.srcs/sim_1/new/task2_tb.vhd" into library xil_defaultlib
INFO: [VRFC 10-307] analyzing entity task2_tb
INFO: [VRFC 10-163] Analyzing VHDL file "C:/Users/idan8/Google Drive/UTK/Spring 2017/ECE 459/labs/ece459/lab2/lab_2/lab_2.srcs/sources_1/new/eight_bit.vhd" into library xil_defaultlib
INFO: [VRFC 10-307] analyzing entity eight_bit
INFO: [USF-XSim-3] XSim::Elaborate design
INFO: [USF-XSim-61] Executing 'ELABORATE' step in 'C:/Users/idan8/Google Drive/UTK/Spring 2017/ECE 459/labs/ece459/lab2/lab_2/lab_2.sim/sim_1/behav'
Vivado Simulator 2014.4
Copyright 1986-1999, 2001-2014 Xilinx, Inc. All Rights Reserved.
Running: C:/Xilinx/Vivado/2014.4/bin/unwrapped/win64.o/xelab.exe -wto 5063dc4912e745f5b242be1bb2ac1ca8 --debug typical --relax -L xil_defaultlib -L secureip --snapshot task2_tb_behav xil_defaultlib.task2_tb -log elaborate.log 
Multi-threading is on. Using 2 slave threads.
Starting static elaboration
Completed static elaboration
Starting simulation data flow analysis
Completed simulation data flow analysis
Time Resolution for simulation is 1ps
Compiling package std.standard
Compiling package ieee.std_logic_1164
Compiling package ieee.numeric_std
Compiling package std.textio
Compiling package ieee.std_logic_textio
Compiling package ieee.std_logic_arith
Compiling package ieee.std_logic_unsigned
Compiling architecture behavioral of entity xil_defaultlib.eight_bit [eight_bit_default]
Compiling architecture test_bench of entity xil_defaultlib.task2_tb
Waiting for 2 sub-compilation(s) to finish...
Built simulation snapshot task2_tb_behav

****** Webtalk v2014.4 (64-bit)
  **** SW Build 1071353 on Tue Nov 18 18:24:04 MST 2014
  **** IP Build 1070531 on Tue Nov 18 01:10:18 MST 2014
    ** Copyright 1986-2014 Xilinx, Inc. All Rights Reserved.

source C:/Users/idan8/Google -notrace
couldn't read file "C:/Users/idan8/Google": permission denied
INFO: [Common 17-206] Exiting Webtalk at Sat Feb 18 12:09:36 2017...
INFO: [USF-XSim-4] XSim::Simulate design
INFO: [USF-XSim-61] Executing 'SIMULATE' step in 'C:/Users/idan8/Google Drive/UTK/Spring 2017/ECE 459/labs/ece459/lab2/lab_2/lab_2.sim/sim_1/behav'
INFO: [USF-XSim-98] *** Running xsim
   with args "task2_tb_behav -key {Behavioral:sim_1:Functional:task2_tb} -tclbatch {task2_tb.tcl} -log {simulate.log}"
INFO: [USF-XSim-8] Loading simulator feature
Vivado Simulator 2014.4
Time resolution is 1 ps
source task2_tb.tcl
# set curr_wave [current_wave_config]
# if { [string length $curr_wave] == 0 } {
#   if { [llength [get_objects]] > 0} {
#     add_wave /
#     set_property needs_save false [current_wave_config]
#   } else {
#      send_msg_id Add_Wave-1 WARNING "No top level signals found. Simulator will start without a wave window. If you want to open a wave window go to 'File->New Waveform Configuration' or type 'create_wave_config' in the TCL console."
#   }
# }
# run 1000ns
INFO: [USF-XSim-96] XSim completed. Design snapshot 'task2_tb_behav' loaded.
INFO: [USF-XSim-97] XSim simulation ran for 1000ns
launch_simulation: Time (s): cpu = 00:00:02 ; elapsed = 00:00:07 . Memory (MB): peak = 798.383 ; gain = 0.000
close_sim
INFO: [Simtcl 6-16] Simulation closed
launch_simulation
INFO: [USF-XSim-27] Simulation object is 'sim_1'
INFO: [USF-XSim-37] Inspecting design source files for 'task2_tb' in fileset 'sim_1'...
INFO: [USF-XSim-97] Finding global include files...
INFO: [USF-XSim-100] Fetching design files from 'sources_1'...(this may take a while)...
INFO: [USF-XSim-101] Fetching design files from 'sim_1'...
INFO: [USF-XSim-2] XSim::Compile design
INFO: [USF-XSim-61] Executing 'COMPILE' step in 'C:/Users/idan8/Google Drive/UTK/Spring 2017/ECE 459/labs/ece459/lab2/lab_2/lab_2.sim/sim_1/behav'
"xvhdl -m64 -prj task2_tb_vhdl.prj"
INFO: [VRFC 10-163] Analyzing VHDL file "C:/Users/idan8/Google Drive/UTK/Spring 2017/ECE 459/labs/ece459/lab2/lab_2/lab_2.srcs/sim_1/new/task2_tb.vhd" into library xil_defaultlib
INFO: [VRFC 10-307] analyzing entity task2_tb
INFO: [VRFC 10-163] Analyzing VHDL file "C:/Users/idan8/Google Drive/UTK/Spring 2017/ECE 459/labs/ece459/lab2/lab_2/lab_2.srcs/sources_1/new/eight_bit.vhd" into library xil_defaultlib
INFO: [VRFC 10-307] analyzing entity eight_bit
INFO: [USF-XSim-3] XSim::Elaborate design
INFO: [USF-XSim-61] Executing 'ELABORATE' step in 'C:/Users/idan8/Google Drive/UTK/Spring 2017/ECE 459/labs/ece459/lab2/lab_2/lab_2.sim/sim_1/behav'
Vivado Simulator 2014.4
Copyright 1986-1999, 2001-2014 Xilinx, Inc. All Rights Reserved.
Running: C:/Xilinx/Vivado/2014.4/bin/unwrapped/win64.o/xelab.exe -wto 5063dc4912e745f5b242be1bb2ac1ca8 --debug typical --relax -L xil_defaultlib -L secureip --snapshot task2_tb_behav xil_defaultlib.task2_tb -log elaborate.log 
Multi-threading is on. Using 2 slave threads.
Starting static elaboration
Completed static elaboration
Starting simulation data flow analysis
Completed simulation data flow analysis
Time Resolution for simulation is 1ps
Compiling package std.standard
Compiling package ieee.std_logic_1164
Compiling package ieee.numeric_std
Compiling package std.textio
Compiling package ieee.std_logic_textio
Compiling package ieee.std_logic_arith
Compiling package ieee.std_logic_unsigned
Compiling architecture behavioral of entity xil_defaultlib.eight_bit [eight_bit_default]
Compiling architecture test_bench of entity xil_defaultlib.task2_tb
Waiting for 2 sub-compilation(s) to finish...
Built simulation snapshot task2_tb_behav

****** Webtalk v2014.4 (64-bit)
  **** SW Build 1071353 on Tue Nov 18 18:24:04 MST 2014
  **** IP Build 1070531 on Tue Nov 18 01:10:18 MST 2014
    ** Copyright 1986-2014 Xilinx, Inc. All Rights Reserved.

source C:/Users/idan8/Google -notrace
couldn't read file "C:/Users/idan8/Google": permission denied
INFO: [Common 17-206] Exiting Webtalk at Sat Feb 18 12:11:31 2017...
INFO: [USF-XSim-4] XSim::Simulate design
INFO: [USF-XSim-61] Executing 'SIMULATE' step in 'C:/Users/idan8/Google Drive/UTK/Spring 2017/ECE 459/labs/ece459/lab2/lab_2/lab_2.sim/sim_1/behav'
INFO: [USF-XSim-98] *** Running xsim
   with args "task2_tb_behav -key {Behavioral:sim_1:Functional:task2_tb} -tclbatch {task2_tb.tcl} -log {simulate.log}"
INFO: [USF-XSim-8] Loading simulator feature
Vivado Simulator 2014.4
Time resolution is 1 ps
source task2_tb.tcl
# set curr_wave [current_wave_config]
# if { [string length $curr_wave] == 0 } {
#   if { [llength [get_objects]] > 0} {
#     add_wave /
#     set_property needs_save false [current_wave_config]
#   } else {
#      send_msg_id Add_Wave-1 WARNING "No top level signals found. Simulator will start without a wave window. If you want to open a wave window go to 'File->New Waveform Configuration' or type 'create_wave_config' in the TCL console."
#   }
# }
# run 1000ns
INFO: [USF-XSim-96] XSim completed. Design snapshot 'task2_tb_behav' loaded.
INFO: [USF-XSim-97] XSim simulation ran for 1000ns
launch_simulation: Time (s): cpu = 00:00:01 ; elapsed = 00:00:07 . Memory (MB): peak = 798.383 ; gain = 0.000
close_sim
INFO: [Simtcl 6-16] Simulation closed
launch_simulation
INFO: [USF-XSim-27] Simulation object is 'sim_1'
INFO: [USF-XSim-37] Inspecting design source files for 'task2_tb' in fileset 'sim_1'...
INFO: [USF-XSim-97] Finding global include files...
INFO: [USF-XSim-100] Fetching design files from 'sources_1'...(this may take a while)...
INFO: [USF-XSim-101] Fetching design files from 'sim_1'...
INFO: [USF-XSim-2] XSim::Compile design
INFO: [USF-XSim-61] Executing 'COMPILE' step in 'C:/Users/idan8/Google Drive/UTK/Spring 2017/ECE 459/labs/ece459/lab2/lab_2/lab_2.sim/sim_1/behav'
"xvhdl -m64 -prj task2_tb_vhdl.prj"
INFO: [VRFC 10-163] Analyzing VHDL file "C:/Users/idan8/Google Drive/UTK/Spring 2017/ECE 459/labs/ece459/lab2/lab_2/lab_2.srcs/sim_1/new/task2_tb.vhd" into library xil_defaultlib
INFO: [VRFC 10-307] analyzing entity task2_tb
INFO: [VRFC 10-163] Analyzing VHDL file "C:/Users/idan8/Google Drive/UTK/Spring 2017/ECE 459/labs/ece459/lab2/lab_2/lab_2.srcs/sources_1/new/eight_bit.vhd" into library xil_defaultlib
INFO: [VRFC 10-307] analyzing entity eight_bit
INFO: [USF-XSim-3] XSim::Elaborate design
INFO: [USF-XSim-61] Executing 'ELABORATE' step in 'C:/Users/idan8/Google Drive/UTK/Spring 2017/ECE 459/labs/ece459/lab2/lab_2/lab_2.sim/sim_1/behav'
Vivado Simulator 2014.4
Copyright 1986-1999, 2001-2014 Xilinx, Inc. All Rights Reserved.
Running: C:/Xilinx/Vivado/2014.4/bin/unwrapped/win64.o/xelab.exe -wto 5063dc4912e745f5b242be1bb2ac1ca8 --debug typical --relax -L xil_defaultlib -L secureip --snapshot task2_tb_behav xil_defaultlib.task2_tb -log elaborate.log 
Multi-threading is on. Using 2 slave threads.
Starting static elaboration
Completed static elaboration
Starting simulation data flow analysis
Completed simulation data flow analysis
Time Resolution for simulation is 1ps
Compiling package std.standard
Compiling package ieee.std_logic_1164
Compiling package ieee.numeric_std
Compiling package std.textio
Compiling package ieee.std_logic_textio
Compiling package ieee.std_logic_arith
Compiling package ieee.std_logic_unsigned
Compiling architecture behavioral of entity xil_defaultlib.eight_bit [eight_bit_default]
Compiling architecture test_bench of entity xil_defaultlib.task2_tb
Waiting for 2 sub-compilation(s) to finish...
Built simulation snapshot task2_tb_behav

****** Webtalk v2014.4 (64-bit)
  **** SW Build 1071353 on Tue Nov 18 18:24:04 MST 2014
  **** IP Build 1070531 on Tue Nov 18 01:10:18 MST 2014
    ** Copyright 1986-2014 Xilinx, Inc. All Rights Reserved.

source C:/Users/idan8/Google -notrace
couldn't read file "C:/Users/idan8/Google": permission denied
INFO: [Common 17-206] Exiting Webtalk at Sat Feb 18 12:12:36 2017...
INFO: [USF-XSim-4] XSim::Simulate design
INFO: [USF-XSim-61] Executing 'SIMULATE' step in 'C:/Users/idan8/Google Drive/UTK/Spring 2017/ECE 459/labs/ece459/lab2/lab_2/lab_2.sim/sim_1/behav'
INFO: [USF-XSim-98] *** Running xsim
   with args "task2_tb_behav -key {Behavioral:sim_1:Functional:task2_tb} -tclbatch {task2_tb.tcl} -log {simulate.log}"
INFO: [USF-XSim-8] Loading simulator feature
Vivado Simulator 2014.4
Time resolution is 1 ps
source task2_tb.tcl
# set curr_wave [current_wave_config]
# if { [string length $curr_wave] == 0 } {
#   if { [llength [get_objects]] > 0} {
#     add_wave /
#     set_property needs_save false [current_wave_config]
#   } else {
#      send_msg_id Add_Wave-1 WARNING "No top level signals found. Simulator will start without a wave window. If you want to open a wave window go to 'File->New Waveform Configuration' or type 'create_wave_config' in the TCL console."
#   }
# }
# run 1000ns
INFO: [USF-XSim-96] XSim completed. Design snapshot 'task2_tb_behav' loaded.
INFO: [USF-XSim-97] XSim simulation ran for 1000ns
launch_simulation: Time (s): cpu = 00:00:01 ; elapsed = 00:00:07 . Memory (MB): peak = 798.383 ; gain = 0.000
close_sim
INFO: [Simtcl 6-16] Simulation closed
launch_simulation
INFO: [USF-XSim-27] Simulation object is 'sim_1'
INFO: [USF-XSim-37] Inspecting design source files for 'task2_tb' in fileset 'sim_1'...
INFO: [USF-XSim-97] Finding global include files...
INFO: [USF-XSim-100] Fetching design files from 'sources_1'...(this may take a while)...
INFO: [USF-XSim-101] Fetching design files from 'sim_1'...
INFO: [USF-XSim-2] XSim::Compile design
INFO: [USF-XSim-61] Executing 'COMPILE' step in 'C:/Users/idan8/Google Drive/UTK/Spring 2017/ECE 459/labs/ece459/lab2/lab_2/lab_2.sim/sim_1/behav'
"xvhdl -m64 -prj task2_tb_vhdl.prj"
INFO: [VRFC 10-163] Analyzing VHDL file "C:/Users/idan8/Google Drive/UTK/Spring 2017/ECE 459/labs/ece459/lab2/lab_2/lab_2.srcs/sim_1/new/task2_tb.vhd" into library xil_defaultlib
INFO: [VRFC 10-307] analyzing entity task2_tb
INFO: [VRFC 10-163] Analyzing VHDL file "C:/Users/idan8/Google Drive/UTK/Spring 2017/ECE 459/labs/ece459/lab2/lab_2/lab_2.srcs/sources_1/new/eight_bit.vhd" into library xil_defaultlib
INFO: [VRFC 10-307] analyzing entity eight_bit
INFO: [USF-XSim-3] XSim::Elaborate design
INFO: [USF-XSim-61] Executing 'ELABORATE' step in 'C:/Users/idan8/Google Drive/UTK/Spring 2017/ECE 459/labs/ece459/lab2/lab_2/lab_2.sim/sim_1/behav'
Vivado Simulator 2014.4
Copyright 1986-1999, 2001-2014 Xilinx, Inc. All Rights Reserved.
Running: C:/Xilinx/Vivado/2014.4/bin/unwrapped/win64.o/xelab.exe -wto 5063dc4912e745f5b242be1bb2ac1ca8 --debug typical --relax -L xil_defaultlib -L secureip --snapshot task2_tb_behav xil_defaultlib.task2_tb -log elaborate.log 
Multi-threading is on. Using 2 slave threads.
Starting static elaboration
Completed static elaboration
Starting simulation data flow analysis
Completed simulation data flow analysis
Time Resolution for simulation is 1ps
Compiling package std.standard
Compiling package ieee.std_logic_1164
Compiling package ieee.numeric_std
Compiling package std.textio
Compiling package ieee.std_logic_textio
Compiling package ieee.std_logic_arith
Compiling package ieee.std_logic_unsigned
Compiling architecture behavioral of entity xil_defaultlib.eight_bit [eight_bit_default]
Compiling architecture test_bench of entity xil_defaultlib.task2_tb
Waiting for 2 sub-compilation(s) to finish...
Built simulation snapshot task2_tb_behav

****** Webtalk v2014.4 (64-bit)
  **** SW Build 1071353 on Tue Nov 18 18:24:04 MST 2014
  **** IP Build 1070531 on Tue Nov 18 01:10:18 MST 2014
    ** Copyright 1986-2014 Xilinx, Inc. All Rights Reserved.

source C:/Users/idan8/Google -notrace
couldn't read file "C:/Users/idan8/Google": permission denied
INFO: [Common 17-206] Exiting Webtalk at Sat Feb 18 12:15:36 2017...
INFO: [USF-XSim-4] XSim::Simulate design
INFO: [USF-XSim-61] Executing 'SIMULATE' step in 'C:/Users/idan8/Google Drive/UTK/Spring 2017/ECE 459/labs/ece459/lab2/lab_2/lab_2.sim/sim_1/behav'
INFO: [USF-XSim-98] *** Running xsim
   with args "task2_tb_behav -key {Behavioral:sim_1:Functional:task2_tb} -tclbatch {task2_tb.tcl} -log {simulate.log}"
INFO: [USF-XSim-8] Loading simulator feature
Vivado Simulator 2014.4
Time resolution is 1 ps
source task2_tb.tcl
# set curr_wave [current_wave_config]
# if { [string length $curr_wave] == 0 } {
#   if { [llength [get_objects]] > 0} {
#     add_wave /
#     set_property needs_save false [current_wave_config]
#   } else {
#      send_msg_id Add_Wave-1 WARNING "No top level signals found. Simulator will start without a wave window. If you want to open a wave window go to 'File->New Waveform Configuration' or type 'create_wave_config' in the TCL console."
#   }
# }
# run 1000ns
INFO: [USF-XSim-96] XSim completed. Design snapshot 'task2_tb_behav' loaded.
INFO: [USF-XSim-97] XSim simulation ran for 1000ns
launch_simulation: Time (s): cpu = 00:00:02 ; elapsed = 00:00:08 . Memory (MB): peak = 804.949 ; gain = 0.000
close_sim
INFO: [Simtcl 6-16] Simulation closed
launch_simulation
INFO: [USF-XSim-27] Simulation object is 'sim_1'
INFO: [USF-XSim-37] Inspecting design source files for 'task2_tb' in fileset 'sim_1'...
INFO: [USF-XSim-97] Finding global include files...
INFO: [USF-XSim-100] Fetching design files from 'sources_1'...(this may take a while)...
INFO: [USF-XSim-101] Fetching design files from 'sim_1'...
INFO: [USF-XSim-2] XSim::Compile design
INFO: [USF-XSim-61] Executing 'COMPILE' step in 'C:/Users/idan8/Google Drive/UTK/Spring 2017/ECE 459/labs/ece459/lab2/lab_2/lab_2.sim/sim_1/behav'
"xvhdl -m64 -prj task2_tb_vhdl.prj"
INFO: [VRFC 10-163] Analyzing VHDL file "C:/Users/idan8/Google Drive/UTK/Spring 2017/ECE 459/labs/ece459/lab2/lab_2/lab_2.srcs/sim_1/new/task2_tb.vhd" into library xil_defaultlib
INFO: [VRFC 10-307] analyzing entity task2_tb
INFO: [VRFC 10-163] Analyzing VHDL file "C:/Users/idan8/Google Drive/UTK/Spring 2017/ECE 459/labs/ece459/lab2/lab_2/lab_2.srcs/sources_1/new/eight_bit.vhd" into library xil_defaultlib
INFO: [VRFC 10-307] analyzing entity eight_bit
INFO: [USF-XSim-3] XSim::Elaborate design
INFO: [USF-XSim-61] Executing 'ELABORATE' step in 'C:/Users/idan8/Google Drive/UTK/Spring 2017/ECE 459/labs/ece459/lab2/lab_2/lab_2.sim/sim_1/behav'
Vivado Simulator 2014.4
Copyright 1986-1999, 2001-2014 Xilinx, Inc. All Rights Reserved.
Running: C:/Xilinx/Vivado/2014.4/bin/unwrapped/win64.o/xelab.exe -wto 5063dc4912e745f5b242be1bb2ac1ca8 --debug typical --relax -L xil_defaultlib -L secureip --snapshot task2_tb_behav xil_defaultlib.task2_tb -log elaborate.log 
Multi-threading is on. Using 2 slave threads.
Starting static elaboration
Completed static elaboration
Starting simulation data flow analysis
Completed simulation data flow analysis
Time Resolution for simulation is 1ps
Compiling package std.standard
Compiling package ieee.std_logic_1164
Compiling package ieee.numeric_std
Compiling package std.textio
Compiling package ieee.std_logic_textio
Compiling package ieee.std_logic_arith
Compiling package ieee.std_logic_unsigned
Compiling architecture behavioral of entity xil_defaultlib.eight_bit [eight_bit_default]
Compiling architecture test_bench of entity xil_defaultlib.task2_tb
Waiting for 2 sub-compilation(s) to finish...
Built simulation snapshot task2_tb_behav

****** Webtalk v2014.4 (64-bit)
  **** SW Build 1071353 on Tue Nov 18 18:24:04 MST 2014
  **** IP Build 1070531 on Tue Nov 18 01:10:18 MST 2014
    ** Copyright 1986-2014 Xilinx, Inc. All Rights Reserved.

source C:/Users/idan8/Google -notrace
couldn't read file "C:/Users/idan8/Google": permission denied
INFO: [Common 17-206] Exiting Webtalk at Sat Feb 18 12:16:32 2017...
INFO: [USF-XSim-4] XSim::Simulate design
INFO: [USF-XSim-61] Executing 'SIMULATE' step in 'C:/Users/idan8/Google Drive/UTK/Spring 2017/ECE 459/labs/ece459/lab2/lab_2/lab_2.sim/sim_1/behav'
INFO: [USF-XSim-98] *** Running xsim
   with args "task2_tb_behav -key {Behavioral:sim_1:Functional:task2_tb} -tclbatch {task2_tb.tcl} -log {simulate.log}"
INFO: [USF-XSim-8] Loading simulator feature
Vivado Simulator 2014.4
Time resolution is 1 ps
source task2_tb.tcl
# set curr_wave [current_wave_config]
# if { [string length $curr_wave] == 0 } {
#   if { [llength [get_objects]] > 0} {
#     add_wave /
#     set_property needs_save false [current_wave_config]
#   } else {
#      send_msg_id Add_Wave-1 WARNING "No top level signals found. Simulator will start without a wave window. If you want to open a wave window go to 'File->New Waveform Configuration' or type 'create_wave_config' in the TCL console."
#   }
# }
# run 1000ns
INFO: [USF-XSim-96] XSim completed. Design snapshot 'task2_tb_behav' loaded.
INFO: [USF-XSim-97] XSim simulation ran for 1000ns
launch_simulation: Time (s): cpu = 00:00:01 ; elapsed = 00:00:07 . Memory (MB): peak = 804.949 ; gain = 0.000
close_sim
INFO: [Simtcl 6-16] Simulation closed
launch_simulation
INFO: [USF-XSim-27] Simulation object is 'sim_1'
INFO: [USF-XSim-37] Inspecting design source files for 'task2_tb' in fileset 'sim_1'...
INFO: [USF-XSim-97] Finding global include files...
INFO: [USF-XSim-100] Fetching design files from 'sources_1'...(this may take a while)...
INFO: [USF-XSim-101] Fetching design files from 'sim_1'...
INFO: [USF-XSim-2] XSim::Compile design
INFO: [USF-XSim-61] Executing 'COMPILE' step in 'C:/Users/idan8/Google Drive/UTK/Spring 2017/ECE 459/labs/ece459/lab2/lab_2/lab_2.sim/sim_1/behav'
"xvhdl -m64 -prj task2_tb_vhdl.prj"
INFO: [VRFC 10-163] Analyzing VHDL file "C:/Users/idan8/Google Drive/UTK/Spring 2017/ECE 459/labs/ece459/lab2/lab_2/lab_2.srcs/sim_1/new/task2_tb.vhd" into library xil_defaultlib
INFO: [VRFC 10-307] analyzing entity task2_tb
INFO: [VRFC 10-163] Analyzing VHDL file "C:/Users/idan8/Google Drive/UTK/Spring 2017/ECE 459/labs/ece459/lab2/lab_2/lab_2.srcs/sources_1/new/eight_bit.vhd" into library xil_defaultlib
INFO: [VRFC 10-307] analyzing entity eight_bit
INFO: [USF-XSim-3] XSim::Elaborate design
INFO: [USF-XSim-61] Executing 'ELABORATE' step in 'C:/Users/idan8/Google Drive/UTK/Spring 2017/ECE 459/labs/ece459/lab2/lab_2/lab_2.sim/sim_1/behav'
Vivado Simulator 2014.4
Copyright 1986-1999, 2001-2014 Xilinx, Inc. All Rights Reserved.
Running: C:/Xilinx/Vivado/2014.4/bin/unwrapped/win64.o/xelab.exe -wto 5063dc4912e745f5b242be1bb2ac1ca8 --debug typical --relax -L xil_defaultlib -L secureip --snapshot task2_tb_behav xil_defaultlib.task2_tb -log elaborate.log 
Multi-threading is on. Using 2 slave threads.
Starting static elaboration
Completed static elaboration
Starting simulation data flow analysis
Completed simulation data flow analysis
Time Resolution for simulation is 1ps
Compiling package std.standard
Compiling package ieee.std_logic_1164
Compiling package ieee.numeric_std
Compiling package std.textio
Compiling package ieee.std_logic_textio
Compiling package ieee.std_logic_arith
Compiling package ieee.std_logic_unsigned
Compiling architecture behavioral of entity xil_defaultlib.eight_bit [eight_bit_default]
Compiling architecture test_bench of entity xil_defaultlib.task2_tb
Waiting for 2 sub-compilation(s) to finish...
Built simulation snapshot task2_tb_behav

****** Webtalk v2014.4 (64-bit)
  **** SW Build 1071353 on Tue Nov 18 18:24:04 MST 2014
  **** IP Build 1070531 on Tue Nov 18 01:10:18 MST 2014
    ** Copyright 1986-2014 Xilinx, Inc. All Rights Reserved.

source C:/Users/idan8/Google -notrace
couldn't read file "C:/Users/idan8/Google": permission denied
INFO: [Common 17-206] Exiting Webtalk at Sat Feb 18 12:19:02 2017...
INFO: [USF-XSim-4] XSim::Simulate design
INFO: [USF-XSim-61] Executing 'SIMULATE' step in 'C:/Users/idan8/Google Drive/UTK/Spring 2017/ECE 459/labs/ece459/lab2/lab_2/lab_2.sim/sim_1/behav'
INFO: [USF-XSim-98] *** Running xsim
   with args "task2_tb_behav -key {Behavioral:sim_1:Functional:task2_tb} -tclbatch {task2_tb.tcl} -log {simulate.log}"
INFO: [USF-XSim-8] Loading simulator feature
Vivado Simulator 2014.4
Time resolution is 1 ps
source task2_tb.tcl
# set curr_wave [current_wave_config]
# if { [string length $curr_wave] == 0 } {
#   if { [llength [get_objects]] > 0} {
#     add_wave /
#     set_property needs_save false [current_wave_config]
#   } else {
#      send_msg_id Add_Wave-1 WARNING "No top level signals found. Simulator will start without a wave window. If you want to open a wave window go to 'File->New Waveform Configuration' or type 'create_wave_config' in the TCL console."
#   }
# }
# run 1000ns
INFO: [USF-XSim-96] XSim completed. Design snapshot 'task2_tb_behav' loaded.
INFO: [USF-XSim-97] XSim simulation ran for 1000ns
launch_simulation: Time (s): cpu = 00:00:02 ; elapsed = 00:00:08 . Memory (MB): peak = 804.949 ; gain = 0.000
close_sim
INFO: [Simtcl 6-16] Simulation closed
launch_simulation
INFO: [USF-XSim-27] Simulation object is 'sim_1'
INFO: [USF-XSim-37] Inspecting design source files for 'task2_tb' in fileset 'sim_1'...
INFO: [USF-XSim-97] Finding global include files...
INFO: [USF-XSim-100] Fetching design files from 'sources_1'...(this may take a while)...
INFO: [USF-XSim-101] Fetching design files from 'sim_1'...
INFO: [USF-XSim-2] XSim::Compile design
INFO: [USF-XSim-61] Executing 'COMPILE' step in 'C:/Users/idan8/Google Drive/UTK/Spring 2017/ECE 459/labs/ece459/lab2/lab_2/lab_2.sim/sim_1/behav'
"xvhdl -m64 -prj task2_tb_vhdl.prj"
INFO: [VRFC 10-163] Analyzing VHDL file "C:/Users/idan8/Google Drive/UTK/Spring 2017/ECE 459/labs/ece459/lab2/lab_2/lab_2.srcs/sim_1/new/task2_tb.vhd" into library xil_defaultlib
INFO: [VRFC 10-307] analyzing entity task2_tb
INFO: [VRFC 10-163] Analyzing VHDL file "C:/Users/idan8/Google Drive/UTK/Spring 2017/ECE 459/labs/ece459/lab2/lab_2/lab_2.srcs/sources_1/new/eight_bit.vhd" into library xil_defaultlib
INFO: [VRFC 10-307] analyzing entity eight_bit
INFO: [USF-XSim-3] XSim::Elaborate design
INFO: [USF-XSim-61] Executing 'ELABORATE' step in 'C:/Users/idan8/Google Drive/UTK/Spring 2017/ECE 459/labs/ece459/lab2/lab_2/lab_2.sim/sim_1/behav'
Vivado Simulator 2014.4
Copyright 1986-1999, 2001-2014 Xilinx, Inc. All Rights Reserved.
Running: C:/Xilinx/Vivado/2014.4/bin/unwrapped/win64.o/xelab.exe -wto 5063dc4912e745f5b242be1bb2ac1ca8 --debug typical --relax -L xil_defaultlib -L secureip --snapshot task2_tb_behav xil_defaultlib.task2_tb -log elaborate.log 
Multi-threading is on. Using 2 slave threads.
Starting static elaboration
Completed static elaboration
Starting simulation data flow analysis
Completed simulation data flow analysis
Time Resolution for simulation is 1ps
Compiling package std.standard
Compiling package ieee.std_logic_1164
Compiling package ieee.numeric_std
Compiling package std.textio
Compiling package ieee.std_logic_textio
Compiling package ieee.std_logic_arith
Compiling package ieee.std_logic_unsigned
Compiling architecture behavioral of entity xil_defaultlib.eight_bit [eight_bit_default]
Compiling architecture test_bench of entity xil_defaultlib.task2_tb
Waiting for 2 sub-compilation(s) to finish...
Built simulation snapshot task2_tb_behav

****** Webtalk v2014.4 (64-bit)
  **** SW Build 1071353 on Tue Nov 18 18:24:04 MST 2014
  **** IP Build 1070531 on Tue Nov 18 01:10:18 MST 2014
    ** Copyright 1986-2014 Xilinx, Inc. All Rights Reserved.

source C:/Users/idan8/Google -notrace
couldn't read file "C:/Users/idan8/Google": permission denied
INFO: [Common 17-206] Exiting Webtalk at Sat Feb 18 12:21:21 2017...
INFO: [USF-XSim-4] XSim::Simulate design
INFO: [USF-XSim-61] Executing 'SIMULATE' step in 'C:/Users/idan8/Google Drive/UTK/Spring 2017/ECE 459/labs/ece459/lab2/lab_2/lab_2.sim/sim_1/behav'
INFO: [USF-XSim-98] *** Running xsim
   with args "task2_tb_behav -key {Behavioral:sim_1:Functional:task2_tb} -tclbatch {task2_tb.tcl} -log {simulate.log}"
INFO: [USF-XSim-8] Loading simulator feature
Vivado Simulator 2014.4
Time resolution is 1 ps
source task2_tb.tcl
# set curr_wave [current_wave_config]
# if { [string length $curr_wave] == 0 } {
#   if { [llength [get_objects]] > 0} {
#     add_wave /
#     set_property needs_save false [current_wave_config]
#   } else {
#      send_msg_id Add_Wave-1 WARNING "No top level signals found. Simulator will start without a wave window. If you want to open a wave window go to 'File->New Waveform Configuration' or type 'create_wave_config' in the TCL console."
#   }
# }
# run 1000ns
INFO: [USF-XSim-96] XSim completed. Design snapshot 'task2_tb_behav' loaded.
INFO: [USF-XSim-97] XSim simulation ran for 1000ns
launch_simulation: Time (s): cpu = 00:00:01 ; elapsed = 00:00:07 . Memory (MB): peak = 804.949 ; gain = 0.000
close_sim
INFO: [Simtcl 6-16] Simulation closed
launch_simulation
INFO: [USF-XSim-27] Simulation object is 'sim_1'
INFO: [USF-XSim-37] Inspecting design source files for 'task2_tb' in fileset 'sim_1'...
INFO: [USF-XSim-97] Finding global include files...
INFO: [USF-XSim-100] Fetching design files from 'sources_1'...(this may take a while)...
INFO: [USF-XSim-101] Fetching design files from 'sim_1'...
INFO: [USF-XSim-2] XSim::Compile design
INFO: [USF-XSim-61] Executing 'COMPILE' step in 'C:/Users/idan8/Google Drive/UTK/Spring 2017/ECE 459/labs/ece459/lab2/lab_2/lab_2.sim/sim_1/behav'
"xvhdl -m64 -prj task2_tb_vhdl.prj"
INFO: [VRFC 10-163] Analyzing VHDL file "C:/Users/idan8/Google Drive/UTK/Spring 2017/ECE 459/labs/ece459/lab2/lab_2/lab_2.srcs/sim_1/new/task2_tb.vhd" into library xil_defaultlib
INFO: [VRFC 10-307] analyzing entity task2_tb
INFO: [VRFC 10-163] Analyzing VHDL file "C:/Users/idan8/Google Drive/UTK/Spring 2017/ECE 459/labs/ece459/lab2/lab_2/lab_2.srcs/sources_1/new/eight_bit.vhd" into library xil_defaultlib
INFO: [VRFC 10-307] analyzing entity eight_bit
INFO: [USF-XSim-3] XSim::Elaborate design
INFO: [USF-XSim-61] Executing 'ELABORATE' step in 'C:/Users/idan8/Google Drive/UTK/Spring 2017/ECE 459/labs/ece459/lab2/lab_2/lab_2.sim/sim_1/behav'
Vivado Simulator 2014.4
Copyright 1986-1999, 2001-2014 Xilinx, Inc. All Rights Reserved.
Running: C:/Xilinx/Vivado/2014.4/bin/unwrapped/win64.o/xelab.exe -wto 5063dc4912e745f5b242be1bb2ac1ca8 --debug typical --relax -L xil_defaultlib -L secureip --snapshot task2_tb_behav xil_defaultlib.task2_tb -log elaborate.log 
Multi-threading is on. Using 2 slave threads.
Starting static elaboration
Completed static elaboration
Starting simulation data flow analysis
Completed simulation data flow analysis
Time Resolution for simulation is 1ps
Compiling package std.standard
Compiling package ieee.std_logic_1164
Compiling package ieee.numeric_std
Compiling package std.textio
Compiling package ieee.std_logic_textio
Compiling package ieee.std_logic_arith
Compiling package ieee.std_logic_unsigned
Compiling architecture behavioral of entity xil_defaultlib.eight_bit [eight_bit_default]
Compiling architecture test_bench of entity xil_defaultlib.task2_tb
Waiting for 2 sub-compilation(s) to finish...
Built simulation snapshot task2_tb_behav

****** Webtalk v2014.4 (64-bit)
  **** SW Build 1071353 on Tue Nov 18 18:24:04 MST 2014
  **** IP Build 1070531 on Tue Nov 18 01:10:18 MST 2014
    ** Copyright 1986-2014 Xilinx, Inc. All Rights Reserved.

source C:/Users/idan8/Google -notrace
couldn't read file "C:/Users/idan8/Google": permission denied
INFO: [Common 17-206] Exiting Webtalk at Sat Feb 18 12:22:17 2017...
INFO: [USF-XSim-4] XSim::Simulate design
INFO: [USF-XSim-61] Executing 'SIMULATE' step in 'C:/Users/idan8/Google Drive/UTK/Spring 2017/ECE 459/labs/ece459/lab2/lab_2/lab_2.sim/sim_1/behav'
INFO: [USF-XSim-98] *** Running xsim
   with args "task2_tb_behav -key {Behavioral:sim_1:Functional:task2_tb} -tclbatch {task2_tb.tcl} -log {simulate.log}"
INFO: [USF-XSim-8] Loading simulator feature
Vivado Simulator 2014.4
Time resolution is 1 ps
source task2_tb.tcl
# set curr_wave [current_wave_config]
# if { [string length $curr_wave] == 0 } {
#   if { [llength [get_objects]] > 0} {
#     add_wave /
#     set_property needs_save false [current_wave_config]
#   } else {
#      send_msg_id Add_Wave-1 WARNING "No top level signals found. Simulator will start without a wave window. If you want to open a wave window go to 'File->New Waveform Configuration' or type 'create_wave_config' in the TCL console."
#   }
# }
# run 1000ns
INFO: [USF-XSim-96] XSim completed. Design snapshot 'task2_tb_behav' loaded.
INFO: [USF-XSim-97] XSim simulation ran for 1000ns
launch_simulation: Time (s): cpu = 00:00:01 ; elapsed = 00:00:08 . Memory (MB): peak = 804.949 ; gain = 0.000
close_sim
INFO: [Simtcl 6-16] Simulation closed
launch_simulation
INFO: [USF-XSim-27] Simulation object is 'sim_1'
INFO: [USF-XSim-37] Inspecting design source files for 'task2_tb' in fileset 'sim_1'...
INFO: [USF-XSim-97] Finding global include files...
INFO: [USF-XSim-100] Fetching design files from 'sources_1'...(this may take a while)...
INFO: [USF-XSim-101] Fetching design files from 'sim_1'...
INFO: [USF-XSim-2] XSim::Compile design
INFO: [USF-XSim-61] Executing 'COMPILE' step in 'C:/Users/idan8/Google Drive/UTK/Spring 2017/ECE 459/labs/ece459/lab2/lab_2/lab_2.sim/sim_1/behav'
"xvhdl -m64 -prj task2_tb_vhdl.prj"
INFO: [VRFC 10-163] Analyzing VHDL file "C:/Users/idan8/Google Drive/UTK/Spring 2017/ECE 459/labs/ece459/lab2/lab_2/lab_2.srcs/sim_1/new/task2_tb.vhd" into library xil_defaultlib
INFO: [VRFC 10-307] analyzing entity task2_tb
INFO: [VRFC 10-163] Analyzing VHDL file "C:/Users/idan8/Google Drive/UTK/Spring 2017/ECE 459/labs/ece459/lab2/lab_2/lab_2.srcs/sources_1/new/eight_bit.vhd" into library xil_defaultlib
INFO: [VRFC 10-307] analyzing entity eight_bit
ERROR: [VRFC 10-1551] variable outside of subprogram or process must be 'shared' [C:/Users/idan8/Google Drive/UTK/Spring 2017/ECE 459/labs/ece459/lab2/lab_2/lab_2.srcs/sources_1/new/eight_bit.vhd:30]
ERROR: [VRFC 10-1466] type std_logic does not match with the integer literal [C:/Users/idan8/Google Drive/UTK/Spring 2017/ECE 459/labs/ece459/lab2/lab_2/lab_2.srcs/sources_1/new/eight_bit.vhd:30]
ERROR: [VRFC 10-1412] syntax error near q [C:/Users/idan8/Google Drive/UTK/Spring 2017/ECE 459/labs/ece459/lab2/lab_2/lab_2.srcs/sources_1/new/eight_bit.vhd:44]
ERROR: [VRFC 10-1525] use := to assign to variable sel [C:/Users/idan8/Google Drive/UTK/Spring 2017/ECE 459/labs/ece459/lab2/lab_2/lab_2.srcs/sources_1/new/eight_bit.vhd:45]
ERROR: [VRFC 10-1412] syntax error near IF [C:/Users/idan8/Google Drive/UTK/Spring 2017/ECE 459/labs/ece459/lab2/lab_2/lab_2.srcs/sources_1/new/eight_bit.vhd:55]
ERROR: [VRFC 10-1504] unit behavioral ignored due to previous errors [C:/Users/idan8/Google Drive/UTK/Spring 2017/ECE 459/labs/ece459/lab2/lab_2/lab_2.srcs/sources_1/new/eight_bit.vhd:25]
INFO: [VRFC 10-240] VHDL file C:/Users/idan8/Google Drive/UTK/Spring 2017/ECE 459/labs/ece459/lab2/lab_2/lab_2.srcs/sources_1/new/eight_bit.vhd ignored due to errors
ERROR: [USF-XSim-62] 'compile' step failed with error(s). Please check the Tcl console output or '' file for more information.
