#-----------------------------------------------------------
# Vivado v2014.4 (64-bit)
# SW Build 1071353 on Tue Nov 18 18:24:04 MST 2014
# IP Build 1070531 on Tue Nov 18 01:10:18 MST 2014
# Start of session at: Wed Feb 08 11:44:10 2017
# Process ID: 8924
# Log file: C:/Users/idan8/Desktop/lab1/Lab1_files/vivado.log
# Journal file: C:/Users/idan8/Desktop/lab1/Lab1_files\vivado.jou
#-----------------------------------------------------------
start_gui
open_project C:/Users/idan8/Desktop/lab1/Lab1_files/lab1.xpr
INFO: [Project 1-313] Project file moved from 'C:/Users/idan8/Google Drive/UTK/Spring 2017/ECE 459/labs/lab1/ece459/lab1/Lab1_files' since last save.
Scanning sources...
Finished scanning sources
INFO: [IP_Flow 19-234] Refreshing IP repositories
INFO: [IP_Flow 19-1704] No user IP repositories specified
INFO: [IP_Flow 19-2313] Loaded Vivado IP repository 'C:/Xilinx/Vivado/2014.4/data/ip'.
open_project: Time (s): cpu = 00:00:20 ; elapsed = 00:00:08 . Memory (MB): peak = 698.098 ; gain = 153.984
update_compile_order -fileset sources_1
reset_run synth_1
launch_runs impl_1 -to_step write_bitstream
[Wed Feb 08 11:44:32 2017] Launched synth_1...
Run output will be captured here: C:/Users/idan8/Desktop/lab1/Lab1_files/lab1.runs/synth_1/runme.log
[Wed Feb 08 11:44:32 2017] Launched impl_1...
Run output will be captured here: C:/Users/idan8/Desktop/lab1/Lab1_files/lab1.runs/impl_1/runme.log
open_hw
connect_hw_server
INFO: [Labtools 27-2285] Connecting to hw_server url TCP:localhost:3121
INFO: [Labtools 27-2222] Launching hw_server...
INFO: [Labtools 27-2221] Launch Output:

****** Xilinx hw_server v2014.4
  **** Build date : Nov 18 2014-18:09:44
    ** Copyright 1986-1999, 2001-2014 Xilinx, Inc. All Rights Reserved.

INFO: hw_server application started
INFO: Use Ctrl-C to exit hw_server application


****** Xilinx hw_server v2014.4
  **** Build date : Nov 18 2014-18:09:44
    ** Copyright 1986-1999, 2001-2014 Xilinx, Inc. All Rights Reserved.

INFO: hw_server application started
INFO: Use Ctrl-C to exit hw_server application


open_hw_target [lindex [get_hw_targets -of_objects [get_hw_servers localhost]] 0]
INFO: [Labtoolstcl 44-466] Opening hw_target localhost:3121/xilinx_tcf/Digilent/210274592712A
set_property PROGRAM.FILE {C:/Users/idan8/Desktop/lab1/Lab1_files/lab1.runs/impl_1/simon_top.bit} [lindex [get_hw_devices] 0]
set_property PROBES.FILE {C:/Users/idan8/Desktop/lab1/Lab1_files/lab1.runs/impl_1/debug_nets.ltx} [lindex [get_hw_devices] 0]
current_hw_device [lindex [get_hw_devices] 0]
refresh_hw_device -update_hw_probes false [lindex [get_hw_devices] 0]
INFO: [Labtools 27-1435] Device xc7a100t (JTAG device index = 0) is not programmed (DONE status = 0).
set_property PROBES.FILE {C:/Users/idan8/Desktop/lab1/Lab1_files/lab1.runs/impl_1/debug_nets.ltx} [lindex [get_hw_devices] 0]
set_property PROGRAM.FILE {C:/Users/idan8/Desktop/lab1/Lab1_files/lab1.runs/impl_1/simon_top.bit} [lindex [get_hw_devices] 0]
program_hw_devices [lindex [get_hw_devices] 0]
INFO: [Labtools 27-32] Done pin status: HIGH
refresh_hw_device [lindex [get_hw_devices] 0]
INFO: [Labtools 27-1434] Device xc7a100t (JTAG device index = 0) is programmed with a design that has no supported debug core(s) in it.
WARNING: [Labtools 27-3123] The debug hub core was not detected at User Scan Chain 1 or 3.
Resolution: 
1. Make sure the clock connected to the debug hub (dbg_hub) core is a free running clock and is active OR
2. Manually launch hw_server with -e "set xsdb-user-bscan <C_USER_SCAN_CHAIN scan_chain_number>" to detect the debug hub at User Scan Chain of 2 or 4. To determine the user scan chain setting, open the implemented design and use: get_property C_USER_SCAN_CHAIN [get_debug_cores dbg_hub].
exit
INFO: [Common 17-206] Exiting Vivado at Wed Feb 08 12:16:37 2017...
