#-----------------------------------------------------------
# Vivado v2014.4 (64-bit)
# SW Build 1071353 on Tue Nov 18 18:24:04 MST 2014
# IP Build 1070531 on Tue Nov 18 01:10:18 MST 2014
# Start of session at: Sat Feb 18 10:19:42 2017
# Process ID: 6012
# Log file: C:/Users/idan8/Google Drive/UTK/Spring 2017/ECE 459/labs/ece459/lab1/Lab1_files/vivado.log
# Journal file: C:/Users/idan8/Google Drive/UTK/Spring 2017/ECE 459/labs/ece459/lab1/Lab1_files\vivado.jou
#-----------------------------------------------------------
start_gui
open_project {C:/Users/idan8/Google Drive/UTK/Spring 2017/ECE 459/labs/ece459/lab1/Lab1_files/lab1.xpr}
Scanning sources...
Finished scanning sources
INFO: [IP_Flow 19-234] Refreshing IP repositories
INFO: [IP_Flow 19-1704] No user IP repositories specified
INFO: [IP_Flow 19-2313] Loaded Vivado IP repository 'C:/Xilinx/Vivado/2014.4/data/ip'.
open_project: Time (s): cpu = 00:00:22 ; elapsed = 00:00:08 . Memory (MB): peak = 712.176 ; gain = 172.121
update_compile_order -fileset sources_1
exit
INFO: [Common 17-206] Exiting Vivado at Sat Feb 18 10:21:05 2017...
