#-----------------------------------------------------------
# Vivado v2014.4 (64-bit)
# SW Build 1071353 on Tue Nov 18 18:24:04 MST 2014
# IP Build 1070531 on Tue Nov 18 01:10:18 MST 2014
# Start of session at: Tue Jan 31 11:32:02 2017
# Process ID: 12420
# Log file: C:/Users/idan8/Google Drive/UTK/Spring 2017/ECE 459/labs/lab1/ece459/lab1/Lab1_files/vivado.log
# Journal file: C:/Users/idan8/Google Drive/UTK/Spring 2017/ECE 459/labs/lab1/ece459/lab1/Lab1_files\vivado.jou
#-----------------------------------------------------------
start_gui
open_project {C:/Users/idan8/Google Drive/UTK/Spring 2017/ECE 459/labs/lab1/ece459/lab1/Lab1_files/lab1.xpr}
INFO: [Project 1-489] The host OS only allows 260 characters in a normal path. The project is stored in a path with more than 80 characters. If you experience issues with IP, Block Designs, or files not being found, please consider moving the project to a location with a shorter path. Alternately consider using the OS subst command to map part of the path to a drive letter.
Current project path is 'C:/Users/idan8/Google Drive/UTK/Spring 2017/ECE 459/labs/lab1/ece459/lab1/Lab1_files'
INFO: [Project 1-313] Project file moved from 'C:/Users/idan8/Google Drive/UTK/Spring 2017/ECE 459/labs/lab1/Lab1_files' since last save.
Scanning sources...
Finished scanning sources
INFO: [IP_Flow 19-234] Refreshing IP repositories
INFO: [IP_Flow 19-1704] No user IP repositories specified
INFO: [IP_Flow 19-2313] Loaded Vivado IP repository 'C:/Xilinx/Vivado/2014.4/data/ip'.
open_project: Time (s): cpu = 00:00:12 ; elapsed = 00:00:05 . Memory (MB): peak = 686.820 ; gain = 155.602
update_compile_order -fileset sources_1
update_compile_order -fileset sources_1
exit
INFO: [Common 17-206] Exiting Vivado at Tue Jan 31 12:55:06 2017...
